Sequence          		tRNA	Bounds	tRNA	Anti	Intron Bounds	Inf	      	Isotype	Isotype
Name              	tRNA #	Begin	End	Type	Codon	Begin	End	Score	Pseudo	CM	Score
--------          	------	----	------	----	-----	-----	----	------	------	-------	-------
scaffold404.trna1 	1	1 	81	Leu	AAG	0	0	74.0	No	Leu	110.4
scaffold404.trna2 	1	1 	73	Phe	GAA	0	0	78.3	No	Phe	113.2
scaffold404.trna4 	1	1 	72	Lys	TTT	0	0	91.9	No	Lys	98.4
scaffold404.trna5 	1	1 	72	Lys	TTT	0	0	91.9	No	Lys	98.4
scaffold404.trna6 	1	1 	81	Leu	AAG	0	0	74.0	No	Leu	110.4
scaffold781.trna1 	1	1 	74	Ile	AAT	0	0	79.3	No	Ile	104.3
scaffold781.trna2 	1	1 	74	Ile	AAT	0	0	79.3	No	Ile	104.3
scaffold1327.trna1	1	1 	72	Gln	CTG	0	0	72.6	No	Gln	100.8
scaffold722.trna1 	1	1 	82	Ser	CGA	0	0	75.6	No	Ser	120.2
scaffold722.trna2 	1	1 	72	Arg	ACG	0	0	45.0	No	Arg	55.9
scaffold2244.trna1	1	1 	73	Glu	CTC	0	0	77.5	No	Glu	97.9
scaffold2244.trna2	1	1 	72	Pro	CGG	0	0	68.2	No	Pro	113.0
scaffold2244.trna3	1	1 	73	Arg	CCG	0	0	66.0	No	Arg	94.3
scaffold2244.trna4	1	1 	73	Ala	AGC	0	0	63.4	No	Ala	98.3
scaffold883.trna1 	1	1 	73	Ala	CGC	0	0	68.3	No	Ala	99.2
scaffold883.trna2 	1	1 	73	Ala	AGC	0	0	63.4	No	Ala	98.3
scaffold883.trna3 	1	1 	73	Ala	AGC	0	0	63.4	No	Ala	98.3
scaffold883.trna4 	1	2 	70	Glu	CTC	0	0	51.7	No	Glu	64.8
scaffold883.trna5 	1	1 	72	Gly	TCC	0	0	71.0	No	Gly	82.3
scaffold1314.trna1	1	4 	73	Ala	AGC	0	0	50.8	No	Ala	72.4
scaffold1758.trna1	1	1 	82	Ser	CGA	0	0	64.0	No	Ser	101.5
scaffold1758.trna2	1	9 	75	Val	AAC	0	0	27.5	No	Val	41.9
scaffold1197.trna1	1	1 	72	Gln	TTG	0	0	76.3	No	Gln	99.2
scaffold21.trna1  	1	1 	73	Glu	CTC	0	0	77.5	No	Glu	97.9
scaffold1906.trna1	1	1 	75	Thr	AGT	0	0	51.6	No	Thr	61.5
scaffold1062.trna1	1	1 	82	Ser	GCT	0	0	79.0	No	Ser	108.6
scaffold610.trna1 	1	1 	73	Ala	AGC	0	0	63.4	No	Ala	98.3
scaffold610.trna2 	1	1 	72	Cys	GCA	0	0	78.4	No	Cys	102.6
scaffold610.trna3 	1	1 	72	Pro	AGG	0	0	67.4	No	Pro	112.3
scaffold1098.trna1	1	3 	72	Undet	NNN	0	0	20.2	Yes	Glu	18.9
scaffold1346.trna1	1	1 	73	Ala	CGC	0	0	68.3	No	Ala	99.2
scaffold159.trna1 	1	1 	81	Leu	CAG	0	0	48.1	No	Leu	87.5
scaffold159.trna2 	1	1 	75	Undet	NNN	0	0	32.4	No	Ala	47.3
scaffold271.trna1 	1	1 	72	Gln	TTG	0	0	59.3	No	Gln	80.1
scaffold271.trna2 	1	1 	80	Leu	TAG	0	0	69.5	No	Leu	111.5
scaffold4314.trna1	1	1 	74	Glu	TTC	0	0	64.1	No	Glu	91.0
scaffold4194.trna1	1	3 	72	Undet	NNN	0	0	25.0	Yes	Glu	24.2
scaffold4037.trna1	1	4 	72	Lys	TTT	0	0	69.1	No	Lys	68.1
scaffold4037.trna2	1	1 	73	Ala	TGC	0	0	70.0	No	Ala	100.6
scaffold4037.trna3	1	1 	77	Ile	AAT	0	0	31.2	No	Ala	40.8
scaffold1523.trna1	1	1 	72	Glu	CTC	0	0	53.7	No	Glu	71.9
scaffold1523.trna2	1	1 	72	Gly	TCC	0	0	71.0	No	Gly	82.3
scaffold1523.trna3	1	1 	73	Ala	CGC	0	0	68.3	No	Ala	99.2
scaffold1523.trna4	1	1 	73	Ala	AGC	0	0	63.4	No	Ala	98.3
scaffold130.trna1 	1	1 	73	Phe	GAA	0	0	78.3	No	Phe	113.2
scaffold130.trna2 	1	1 	73	Lys	CTT	0	0	86.8	No	Lys	107.7
scaffold130.trna3 	1	1 	73	Lys	CTT	0	0	86.8	No	Lys	107.7
scaffold3524.trna1	1	1 	84	Leu	CAA	0	0	78.6	No	Leu	123.0
scaffold629.trna1 	1	1 	73	Glu	CTC	0	0	77.5	No	Glu	97.9
scaffold664.trna1 	1	2 	71	Val	AAC	0	0	31.8	Yes	Thr	29.5
scaffold2045.trna1	1	1 	73	Arg	CCG	0	0	68.3	No	Arg	71.9
scaffold2045.trna2	1	1 	73	Glu	CTC	0	0	77.5	No	Glu	97.9
scaffold2074.trna1	1	1 	74	Val	AAC	0	0	73.2	No	Val	95.8
scaffold2074.trna2	1	1 	72	Pro	TGG	0	0	69.6	No	Pro	108.3
scaffold2074.trna3	1	1 	87	Met	CAT	39	51	64.2	No	Met	104.0
scaffold973.trna2 	1	1 	75	Undet	NNN	0	0	25.1	No	Ala	44.3
scaffold3550.trna1	1	1 	74	Asn	GTT	0	0	84.5	No	Asn	95.9
scaffold3548.trna1	1	1 	87	Met	CAT	39	51	64.2	No	Met	104.0
scaffold3548.trna2	1	1 	80	Leu	TAG	0	0	49.6	No	Leu	76.2
scaffold3548.trna3	1	1 	85	Leu	TAA	0	0	59.5	No	Leu	84.6
scaffold2615.trna1	1	1 	72	Cys	GCA	0	0	81.7	No	Cys	104.3
scaffold2615.trna2	1	1 	72	Cys	GCA	0	0	81.7	No	Cys	104.3
scaffold2615.trna3	1	1 	68	Undet	NNN	0	0	35.0	Yes	Gly	43.4
scaffold2372.trna1	1	1 	73	Lys	CTT	0	0	86.8	No	Lys	107.7
scaffold2372.trna2	1	1 	73	Lys	CTT	0	0	81.6	No	Lys	94.4
scaffold756.trna1 	1	1 	74	Val	CAC	0	0	51.4	No	Val	75.8
scaffold880.trna1 	1	1 	73	Arg	CCT	0	0	74.8	No	Arg	84.6
scaffold1669.trna1	1	1 	74	Asn	GTT	0	0	81.1	No	Asn	91.8
scaffold1300.trna1	1	1 	73	Arg	CCT	0	0	48.9	No	Arg	55.7
scaffold738.trna1 	1	1 	73	Arg	ACG	0	0	72.0	No	Arg	93.9
scaffold738.trna2 	1	1 	72	Asp	GTC	0	0	69.8	No	Asp	95.8
scaffold170.trna1 	1	1 	71	Gly	GCC	0	0	66.5	No	Gly	94.4
scaffold119.trna1 	1	1 	74	Thr	AGT	0	0	71.0	No	Thr	85.3
scaffold461.trna1 	1	1 	72	Thr	CGT	0	0	76.3	No	Thr	86.7
scaffold2025.trna1	1	1 	74	Ile	TAT	0	0	58.0	No	Ile	73.8
scaffold2025.trna2	1	1 	82	Ser	AGA	0	0	80.3	No	Ser	115.3
scaffold630.trna1 	1	1 	73	Glu	CTC	0	0	69.7	No	Glu	88.1
scaffold2975.trna1	1	1 	81	Leu	CAG	0	0	69.5	No	Leu	109.7
scaffold2975.trna2	1	1 	81	Leu	CAG	0	0	69.5	No	Leu	109.7
scaffold4431.trna1	1	1 	74	Arg	TCG	0	0	81.9	No	Arg	92.9
scaffold4431.trna2	1	1 	74	Arg	TCG	0	0	74.8	No	Arg	84.5
scaffold82.trna1  	1	1 	73	Arg	CCG	0	0	67.6	No	Arg	92.7
scaffold4349.trna1	1	1 	82	Ser	CGA	0	0	78.9	No	Ser	122.0
scaffold4349.trna2	1	1 	73	Arg	ACG	0	0	72.0	No	Arg	93.9
scaffold2871.trna1	1	1 	87	Met	CAT	39	51	64.2	No	Met	104.0
scaffold202.trna1 	1	1 	73	Ala	CGC	0	0	68.3	No	Ala	99.2
scaffold202.trna2 	1	1 	73	Glu	CTC	0	0	77.5	No	Glu	97.9
scaffold1083.trna1	1	1 	71	Gly	GCC	0	0	66.5	No	Gly	94.4
scaffold1536.trna1	1	1 	72	Asp	GTC	0	0	69.8	No	Asp	95.8
scaffold1281.trna1	1	1 	82	Ser	AGA	0	0	80.3	No	Ser	115.3
scaffold1281.trna2	1	1 	81	Leu	CAG	0	0	69.5	No	Leu	109.7
scaffold1281.trna3	1	1 	72	Trp	CCA	0	0	75.8	No	Trp	105.6
scaffold520.trna1 	1	1 	72	Asp	GTC	0	0	69.8	No	Asp	95.8
scaffold520.trna2 	1	1 	72	Asp	GTC	0	0	69.8	No	Asp	95.8
scaffold2130.trna1	1	1 	72	Gly	TCC	0	0	73.9	No	Gly	85.6
scaffold372.trna1 	1	1 	74	Ile	AAT	0	0	81.8	No	Ile	106.8
scaffold372.trna2 	1	1 	81	Leu	CAG	0	0	69.5	No	Leu	109.7
scaffold1278.trna1	1	1 	74	Glu	TTC	0	0	64.1	No	Glu	91.0
scaffold2397.trna1	1	1 	82	Ser	CGA	0	0	78.9	No	Ser	122.0
scaffold3578.trna1	1	1 	73	Glu	CTC	0	0	77.5	No	Glu	97.9
scaffold3578.trna2	1	1 	72	Asp	GTC	0	0	69.8	No	Asp	95.8
scaffold3578.trna3	1	1 	82	Ser	CGA	0	0	78.9	No	Ser	122.0
scaffold364.trna1 	1	1 	74	Val	CAC	0	0	79.3	No	Val	104.5
scaffold1429.trna1	1	1 	73	Phe	GAA	0	0	78.3	No	Phe	113.2
scaffold616.trna1 	1	1 	71	Gly	GCC	0	0	66.5	No	Gly	94.4
scaffold2112.trna1	1	1 	74	Val	CAC	0	0	79.3	No	Val	104.5
scaffold1302.trna1	1	1 	74	Ile	AAT	0	0	79.3	No	Ile	104.3
scaffold1302.trna2	1	1 	74	Ile	AAT	0	0	81.8	No	Ile	106.8
scaffold1636.trna1	1	1 	73	Val	CAC	0	0	65.9	No	Val	76.0
scaffold2345.trna1	1	1 	72	Gln	CTG	0	0	72.2	No	Gln	102.6
scaffold2345.trna2	1	1 	74	Thr	AGT	0	0	68.8	No	Thr	83.7
scaffold2345.trna3	1	1 	73	Arg	CCT	0	0	74.8	No	Arg	84.6
scaffold5841.trna1	1	1 	74	Val	CAC	0	0	79.3	No	Val	104.5
scaffold5841.trna2	1	1 	72	Pro	CGG	0	0	68.2	No	Pro	113.0
scaffold190.trna1 	1	1 	84	Ser	TGA	0	0	54.5	No	Ser	92.5
scaffold4798.trna2	1	1 	73	Ala	AGC	0	0	34.6	No	Ala	74.3
scaffold409.trna1 	1	1 	87	Met	CAT	39	51	64.2	No	Met	104.0
scaffold269.trna1 	1	1 	73	Lys	CTT	0	0	86.8	No	Lys	107.7
scaffold4696.trna1	1	1 	74	Val	GAC	0	0	57.3	No	Val	71.6
scaffold1201.trna1	1	1 	73	Arg	ACG	0	0	45.4	Yes	Arg	68.7
scaffold1201.trna2	1	1 	73	Arg	ACG	0	0	65.6	No	Arg	84.3
scaffold1697.trna1	1	1 	74	Asn	GTT	0	0	84.5	No	Asn	95.9
scaffold3203.trna1	1	1 	74	Ile	AAT	0	0	79.3	No	Ile	104.3
scaffold3203.trna2	1	1 	74	Ile	AAT	0	0	81.8	No	Ile	106.8
scaffold2422.trna1	1	1 	88	Met	CAT	39	52	56.8	No	Met	96.4
scaffold2422.trna2	1	1 	87	Met	CAT	39	51	64.2	No	Met	104.0
scaffold2662.trna1	1	1 	73	Glu	CTC	0	0	80.2	No	Glu	95.9
scaffold2662.trna2	1	1 	73	Glu	CTC	0	0	77.5	No	Glu	97.9
scaffold3460.trna1	1	1 	73	Glu	CTC	0	0	77.5	No	Glu	97.9
scaffold3460.trna2	1	1 	72	Asp	GTC	0	0	69.8	No	Asp	95.8
scaffold2636.trna1	1	1 	74	Ile	AAT	0	0	81.8	No	Ile	106.8
scaffold433.trna1 	1	1 	70	Undet	NNN	0	0	27.2	Yes	Arg	30.5
scaffold433.trna2 	1	1 	70	Undet	NNN	0	0	27.2	Yes	Arg	30.5
scaffold433.trna3 	1	1 	70	Undet	NNN	0	0	27.2	Yes	Arg	30.5
scaffold433.trna4 	1	1 	70	Undet	NNN	0	0	27.2	Yes	Arg	30.5
scaffold433.trna5 	1	1 	70	Undet	NNN	0	0	27.2	Yes	Arg	30.5
scaffold433.trna6 	1	1 	70	Undet	NNN	0	0	27.2	Yes	Arg	30.5
scaffold489.trna1 	1	1 	71	Gly	GCC	0	0	66.5	No	Gly	94.4
scaffold5062.trna1	1	1 	83	Leu	TAA	0	0	76.1	No	Leu	99.9
scaffold5062.trna2	1	1 	72	Pro	AGG	0	0	67.4	No	Pro	112.3
scaffold2452.trna1	1	1 	73	Arg	CCG	0	0	66.0	No	Arg	94.3
scaffold2452.trna2	1	1 	74	Val	AAC	0	0	31.4	Yes	Val	57.1
scaffold2452.trna3	1	1 	74	Val	AAC	0	0	70.7	No	Val	95.8
scaffold2224.trna1	1	1 	72	Asp	GTC	0	0	69.8	No	Asp	95.8
scaffold6383.trna1	1	1 	81	Lys	CTT	0	0	55.5	No	Lys	79.9
scaffold6383.trna2	1	1 	81	Lys	CTT	0	0	55.5	No	Lys	79.9
scaffold6383.trna3	1	1 	73	Lys	CTT	0	0	86.8	No	Lys	107.7
scaffold6383.trna4	1	1 	73	Phe	GAA	0	0	78.3	No	Phe	113.2
scaffold370.trna1 	1	1 	71	Gly	GCC	0	0	58.3	No	Gly	90.5
scaffold1309.trna1	1	1 	74	Glu	TTC	0	0	63.8	No	Glu	90.9
scaffold1767.trna1	1	1 	74	Undet	NNN	0	0	38.6	No	Ala	47.3
scaffold1767.trna2	1	1 	80	Leu	TAG	0	0	69.5	No	Leu	111.5
scaffold1882.trna1	1	1 	82	Ser	AGA	0	0	80.3	No	Ser	115.3
scaffold3223.trna1	1	1 	73	Arg	ACG	0	0	72.0	No	Arg	93.9
scaffold1813.trna1	1	1 	82	Ser	AGA	0	0	80.3	No	Ser	115.3
scaffold231.trna1 	1	1 	72	Glu	TTC	0	0	27.9	No	Gln	43.0
scaffold231.trna2 	1	1 	72	Gln	TTG	0	0	73.0	No	Gln	105.0
scaffold231.trna3 	1	1 	72	Gln	TTG	0	0	73.4	No	Gln	104.2
scaffold231.trna4 	1	1 	72	Gln	TTG	0	0	64.4	No	Gln	96.6
scaffold231.trna5 	1	1 	72	Gln	TTG	0	0	65.2	No	Gln	96.5
scaffold231.trna6 	1	1 	72	Gln	TTG	0	0	66.8	No	Gln	100.1
scaffold231.trna7 	1	1 	72	Gln	TTG	0	0	73.0	No	Gln	105.0
scaffold231.trna8 	1	1 	72	Gln	TTG	0	0	73.0	No	Gln	105.0
scaffold231.trna9 	1	1 	72	Gln	TTG	0	0	73.0	No	Gln	105.0
scaffold231.trna10	1	1 	72	Gln	TTG	0	0	73.4	No	Gln	104.2
scaffold99.trna1  	1	1 	72	Gln	TTG	0	0	76.2	No	Gln	105.4
scaffold99.trna2  	1	1 	72	Met	CAT	0	0	58.3	No	iMet	118.7
scaffold99.trna3  	1	1 	73	Phe	GAA	0	0	65.5	No	Phe	101.3
scaffold1996.trna1	1	1 	71	Gly	GCC	0	0	73.5	No	Gly	99.9
scaffold3334.trna1	1	1 	73	Phe	GAA	0	0	78.3	No	Phe	113.2
scaffold3688.trna1	1	1 	72	Pro	CGG	0	0	58.0	No	Pro	101.7
scaffold1456.trna1	1	1 	73	Arg	ACG	0	0	72.0	No	Arg	93.9
scaffold1456.trna2	1	1 	73	Lys	CTT	0	0	86.8	No	Lys	107.7
scaffold2071.trna1	1	1 	72	Met	CAT	0	0	58.3	No	iMet	118.7
scaffold5458.trna1	1	1 	72	Lys	TTT	0	0	91.9	No	Lys	98.4
scaffold2400.trna1	1	1 	91	Phe	AAA	37	56	43.4	No	Gly	65.6
scaffold914.trna1 	1	1 	82	Ser	AGA	0	0	80.3	No	Ser	115.3
scaffold2958.trna1	1	1 	73	Arg	ACG	0	0	72.0	No	Arg	93.9
scaffold555.trna1 	1	1 	86	Met	CAT	39	50	64.2	No	Met	104.0
scaffold587.trna1 	1	1 	74	Ile	AAT	0	0	84.9	No	Ile	109.3
scaffold587.trna2 	1	1 	72	Gly	TCC	0	0	74.1	No	Gly	84.2
scaffold747.trna1 	1	1 	72	Undet	NNN	0	0	21.6	Yes	His	13.5
scaffold2922.trna2	1	1 	74	Val	CAC	0	0	79.3	No	Val	104.5
scaffold931.trna1 	1	1 	73	Met	CAT	0	0	54.0	No	Thr	66.0
scaffold5601.trna1	1	1 	80	Leu	TAG	0	0	69.5	No	Leu	111.5
scaffold848.trna1 	1	1 	74	Ile	AAT	0	0	81.8	No	Ile	106.8
scaffold2914.trna1	1	1 	82	Ser	AGA	0	0	79.6	No	Ser	114.9
scaffold449.trna1 	1	1 	88	Asn	GTT	39	52	77.4	No	Asn	98.7
scaffold7842.trna1	1	1 	72	Asp	GTC	0	0	69.8	No	Asp	95.8
scaffold7842.trna2	1	1 	86	Met	CAT	39	50	64.2	No	Met	104.0
scaffold3560.trna1	1	1 	72	Gln	CTG	0	0	72.6	No	Gln	100.8
scaffold3560.trna2	1	1 	72	Gln	CTG	0	0	63.5	No	Gln	92.0
scaffold2369.trna1	1	1 	72	Pro	AGG	0	0	67.4	No	Pro	112.3
scaffold450.trna1 	1	1 	72	Arg	TCT	0	0	41.7	No	Gln	51.0
scaffold450.trna2 	1	1 	72	Arg	TCT	0	0	58.3	No	Gln	70.8
scaffold450.trna3 	1	1 	72	Arg	TCT	0	0	58.3	No	Gln	70.8
scaffold1104.trna1	1	1 	73	Phe	GAA	0	0	78.3	No	Phe	113.2
scaffold4802.trna1	1	1 	75	Ile	AAT	0	0	37.6	No	Ala	51.9
scaffold4802.trna2	1	1 	75	Ile	AAT	0	0	32.5	No	Ala	47.0
scaffold4802.trna3	1	1 	73	Arg	CCG	0	0	53.8	No	Arg	83.5
scaffold806.trna1 	1	1 	72	Asp	GTC	0	0	69.8	No	Asp	95.8
scaffold806.trna2 	1	1 	85	Met	CAT	39	49	64.3	No	Met	104.0
scaffold867.trna1 	1	1 	73	Arg	CCT	0	0	73.3	No	Thr	83.2
scaffold1304.trna1	1	1 	82	Ser	CGA	0	0	81.0	No	Ser	122.3
scaffold3522.trna1	1	1 	81	Leu	AAG	0	0	74.0	No	Leu	110.4
scaffold3522.trna2	1	1 	82	Ser	AGA	0	0	80.3	No	Ser	115.3
scaffold4359.trna1	1	1 	86	Tyr	GTA	38	50	74.5	No	Tyr	111.8
scaffold4359.trna2	1	1 	73	Arg	CCG	0	0	66.0	No	Arg	94.3
scaffold89.trna1  	1	1 	74	Asn	GTT	0	0	84.5	No	Asn	95.9
scaffold786.trna1 	1	1 	72	Gly	TCC	0	0	73.9	No	Gly	85.6
scaffold4452.trna2	1	1 	85	Met	CAT	39	49	64.3	No	Met	104.0
scaffold585.trna1 	1	1 	81	Leu	AAG	0	0	74.0	No	Leu	110.4
scaffold940.trna1 	1	1 	86	Tyr	GTA	38	50	74.5	No	Tyr	111.8
scaffold2678.trna1	1	1 	71	Gly	GCC	0	0	55.5	No	Gly	77.0
scaffold4380.trna1	1	1 	72	Pro	TGG	0	0	67.4	No	Pro	112.3
scaffold2169.trna2	1	1 	74	Val	CAC	0	0	79.3	No	Val	104.5
scaffold815.trna2 	1	1 	73	Ala	AGC	0	0	63.4	No	Ala	98.3
scaffold815.trna3 	1	1 	73	Ala	AGC	0	0	63.4	No	Ala	98.3
scaffold1889.trna1	1	1 	71	Gly	CCC	0	0	58.7	No	Gly	81.1
scaffold6812.trna1	1	1 	82	Ser	GCT	0	0	79.0	No	Ser	108.6
scaffold2028.trna1	1	1 	82	Ser	CGA	0	0	78.9	No	Ser	122.0
scaffold638.trna1 	1	1 	86	Tyr	GTA	38	50	74.5	No	Tyr	111.8
scaffold638.trna2 	1	1 	73	Arg	ACG	0	0	72.0	No	Arg	93.9
scaffold638.trna3 	1	7 	69	Asp	GTC	0	0	21.6	Yes	Asp	43.0
scaffold2694.trna1	1	1 	74	Ile	TAT	0	0	87.1	No	Ile	104.3
scaffold1156.trna1	1	1 	73	Phe	GAA	0	0	78.3	No	Phe	113.2
scaffold1156.trna2	1	1 	73	Phe	GAA	0	0	78.3	No	Phe	113.2
scaffold1156.trna3	1	1 	73	Phe	GAA	0	0	78.3	No	Phe	113.2
scaffold2383.trna1	1	1 	74	His	GTG	0	0	41.4	No	His	54.9
scaffold3244.trna1	1	1 	88	Ser	GCT	0	0	43.5	No	Thr	45.5
scaffold1770.trna1	1	1 	81	Lys	CTT	0	0	55.5	No	Lys	79.9
scaffold1770.trna2	1	1 	73	Lys	CTT	0	0	86.8	No	Lys	107.7
scaffold1770.trna3	1	1 	73	Lys	CTT	0	0	86.8	No	Lys	107.7
scaffold1770.trna4	1	1 	73	Lys	CTT	0	0	87.1	No	Lys	106.2
scaffold1770.trna5	1	1 	73	Phe	GAA	0	0	78.3	No	Phe	113.2
scaffold1770.trna6	1	1 	73	Phe	GAA	0	0	78.3	No	Phe	113.2
scaffold1052.trna1	1	1 	73	Glu	CTC	0	0	75.0	No	Glu	94.9
scaffold3727.trna1	1	1 	72	Asp	GTC	0	0	69.8	No	Asp	95.8
scaffold3727.trna2	1	1 	72	Asp	GTC	0	0	69.8	No	Asp	95.8
scaffold2093.trna1	1	1 	82	Ser	GCT	0	0	79.0	No	Ser	108.6
scaffold3167.trna1	1	1 	72	Met	CAT	0	0	58.3	No	iMet	118.7
scaffold1585.trna1	1	1 	73	Ile	AAT	0	0	23.0	Yes	Arg	25.7
scaffold1750.trna1	1	1 	81	Leu	CAG	0	0	69.5	No	Leu	109.7
scaffold1750.trna2	1	1 	72	Trp	CCA	0	0	75.8	No	Trp	105.6
scaffold3333.trna1	1	1 	73	Glu	CTC	0	0	77.5	No	Glu	97.9
scaffold3333.trna2	1	1 	73	Arg	TCT	0	0	68.1	No	Arg	96.3
scaffold1003.trna1	1	1 	72	Asp	GTC	0	0	69.8	No	Asp	95.8
scaffold7388.trna1	1	1 	82	Ser	AGA	0	0	80.3	No	Ser	115.3
scaffold2018.trna1	1	1 	86	Met	CAT	39	50	64.2	No	Met	104.0
scaffold4585.trna2	1	1 	72	Thr	TGT	0	0	84.5	No	Thr	95.0
scaffold2868.trna1	1	1 	72	Thr	TGT	0	0	84.5	No	Thr	95.0
scaffold2438.trna1	1	1 	72	Pro	AGG	0	0	67.4	No	Pro	112.3
scaffold2261.trna1	1	1 	73	Lys	TTT	0	0	90.5	No	Lys	96.4
scaffold750.trna1 	1	1 	72	Asp	GTC	0	0	69.8	No	Asp	95.8
scaffold974.trna1 	1	1 	75	Ala	GGC	0	0	32.9	Yes	Ala	48.9
scaffold2192.trna1	1	1 	73	Arg	ACG	0	0	72.0	No	Arg	93.9
scaffold2192.trna2	1	1 	73	Arg	ACG	0	0	72.0	No	Arg	93.9
scaffold5804.trna1	1	1 	87	Tyr	GTA	38	51	65.0	No	Tyr	96.2
scaffold3140.trna1	1	1 	73	Arg	CCG	0	0	68.3	No	Arg	71.9
scaffold1509.trna1	1	1 	74	Arg	TCG	0	0	81.9	No	Arg	92.9
scaffold434.trna1 	1	1 	73	Ala	AGC	0	0	53.4	No	Ala	81.8
scaffold1915.trna1	1	1 	72	Gln	CTG	0	0	72.6	No	Gln	100.8
scaffold1915.trna2	1	1 	72	Gln	CTG	0	0	72.6	No	Gln	100.8
scaffold226.trna1 	1	1 	74	Ile	AAT	0	0	74.3	No	Ile	96.5
scaffold226.trna2 	1	1 	72	His	GTG	0	0	63.0	No	His	87.1
scaffold2312.trna1	1	4 	73	Val	AAC	0	0	28.7	Yes	Glu	33.6
scaffold2500.trna1	1	1 	73	Glu	CTC	0	0	77.5	No	Glu	97.9
scaffold1476.trna1	1	1 	73	Arg	ACG	0	0	72.0	No	Arg	93.9
scaffold1476.trna2	1	1 	73	Arg	ACG	0	0	72.0	No	Arg	93.9
scaffold4589.trna1	1	1 	72	Gly	TCC	0	0	73.9	No	Gly	85.6
scaffold2714.trna1	1	1 	82	Ser	GCT	0	0	79.0	No	Ser	108.6
scaffold2714.trna2	1	1 	73	Lys	CTT	0	0	86.8	No	Lys	107.7
scaffold1155.trna1	1	1 	84	Tyr	GTA	0	0	43.6	No	Tyr	59.1
scaffold7931.trna1	1	1 	71	Gly	GCC	0	0	66.5	No	Gly	94.4
scaffold4752.trna1	1	4 	73	Undet	NNN	0	0	21.1	Yes	Thr	20.8
scaffold5322.trna1	1	1 	81	Leu	CAG	0	0	69.5	No	Leu	109.7
scaffold984.trna1 	1	1 	73	Glu	CTC	0	0	77.5	No	Glu	97.9
scaffold3724.trna1	1	1 	86	Tyr	GTA	38	50	74.5	No	Tyr	111.8
scaffold3724.trna2	1	1 	86	Tyr	GTA	38	50	74.5	No	Tyr	111.8
scaffold4795.trna1	1	1 	74	Val	CAC	0	0	79.3	No	Val	104.5
scaffold7034.trna1	1	4 	73	Undet	NNN	0	0	20.1	Yes	Arg	16.5
scaffold5567.trna1	1	1 	71	Gly	CCC	0	0	66.3	No	Gly	89.7
scaffold3368.trna1	1	1 	73	Val	TAC	0	0	71.9	No	Val	103.9
scaffold3685.trna1	1	1 	87	Met	CAT	39	53	20.3	Yes	Met	46.2
scaffold3685.trna2	1	1 	84	Leu	CAA	0	0	78.6	No	Leu	123.0
scaffold7347.trna1	1	1 	72	Thr	CGT	0	0	80.5	No	Thr	87.3
scaffold2176.trna1	1	8 	71	Arg	CCT	0	0	47.7	No	Arg	50.8
scaffold3306.trna1	1	1 	73	Glu	CTC	0	0	77.5	No	Glu	97.9
scaffold1892.trna1	1	1 	73	Glu	CTC	0	0	77.5	No	Glu	97.9
scaffold3788.trna1	1	1 	82	Ser	GCT	0	0	80.5	No	Ser	109.5
scaffold3788.trna2	1	1 	74	Trp	CCA	0	0	72.1	No	Thr	75.4
scaffold326.trna1 	1	1 	87	Met	CAT	39	51	59.7	No	Met	98.8
scaffold326.trna2 	1	1 	74	Arg	TCG	0	0	81.9	No	Arg	92.9
scaffold2394.trna1	1	1 	72	Asn	GTT	0	0	60.1	No	Asn	61.7
scaffold3829.trna1	1	1 	73	Ala	AGC	0	0	63.4	No	Ala	98.3
scaffold3829.trna2	1	1 	73	Ala	AGC	0	0	63.4	No	Ala	98.3
scaffold3829.trna3	1	1 	73	Ala	CGC	0	0	68.3	No	Ala	99.2
scaffold3829.trna4	1	1 	82	Ser	GCT	0	0	79.0	No	Ser	108.6
scaffold2236.trna1	1	1 	74	Thr	AGT	0	0	75.0	No	Thr	89.8
scaffold2236.trna2	1	1 	72	Thr	TGT	0	0	61.4	No	Thr	74.4
scaffold2236.trna3	1	1 	73	Phe	GAA	0	0	78.3	No	Phe	113.2
scaffold2236.trna4	1	1 	73	Ala	TGC	0	0	70.0	No	Ala	100.6
scaffold1687.trna1	1	1 	87	Ser	GGA	0	0	62.4	No	Ser	81.3
scaffold426.trna1 	1	1 	73	Lys	TTT	0	0	90.8	No	Lys	95.4
scaffold426.trna2 	1	1 	85	Ser	AGA	0	0	50.2	No	Ser	73.7
scaffold3911.trna1	1	1 	74	Val	AAC	0	0	72.5	No	Val	100.2
scaffold3911.trna2	1	1 	82	Ser	GCT	0	0	79.0	No	Ser	108.6
scaffold3911.trna3	1	1 	87	Met	CAT	39	51	64.2	No	Met	104.0
scaffold4026.trna1	1	1 	74	Glu	TTC	0	0	64.1	No	Glu	91.0
scaffold2205.trna1	1	3 	72	Val	AAC	0	0	28.7	Yes	Glu	35.0
scaffold2194.trna1	1	1 	72	Asp	GTC	0	0	69.8	No	Asp	95.8
scaffold2194.trna2	1	1 	72	Asp	GTC	0	0	69.8	No	Asp	95.8
scaffold2194.trna3	1	1 	71	Asp	GTC	0	0	48.3	No	Asp	70.3
scaffold135.trna1 	1	1 	73	Arg	CCG	0	0	67.6	No	Arg	92.7
scaffold263.trna1 	1	1 	74	Val	AAC	0	0	72.2	No	Val	98.2
scaffold263.trna2 	1	1 	74	Val	AAC	0	0	72.2	No	Val	98.2
scaffold263.trna3 	1	1 	74	Asn	GTT	0	0	84.5	No	Asn	95.9
scaffold4608.trna1	1	1 	72	Gly	TCC	0	0	73.9	No	Gly	85.6
scaffold4608.trna2	1	1 	72	Gly	TCC	0	0	74.1	No	Gly	84.2
scaffold1535.trna1	1	1 	72	Asp	GTC	0	0	69.8	No	Asp	95.8
scaffold561.trna1 	1	1 	87	Met	CAT	39	51	64.2	No	Met	104.0
scaffold561.trna2 	1	1 	87	Met	CAT	39	51	64.2	No	Met	104.0
scaffold2462.trna1	1	1 	73	Lys	CTT	0	0	86.8	No	Lys	107.7
scaffold4203.trna1	1	1 	74	Val	AAC	0	0	66.7	No	Val	91.9
scaffold4203.trna2	1	1 	74	Ala	AGC	0	0	23.3	Yes	Val	43.0
scaffold4203.trna3	1	1 	73	Phe	GAA	0	0	78.3	No	Phe	113.2
scaffold15.trna1  	1	1 	75	Phe	GAA	0	0	28.7	No	Ala	44.2
scaffold2163.trna1	1	1 	72	Asp	GTC	0	0	65.9	No	Asp	85.1
scaffold2528.trna2	1	1 	81	Ser	GCT	0	0	55.2	No	Ser	84.5
scaffold3591.trna1	1	4 	73	Val	AAC	0	0	29.5	Yes	Glu	28.8
scaffold3591.trna2	1	4 	73	Val	AAC	0	0	29.5	Yes	Glu	28.8
scaffold3795.trna1	1	1 	73	Undet	NNN	0	0	20.1	Yes	Ile	13.9
scaffold366.trna1 	1	1 	72	Asp	GTC	0	0	69.8	No	Asp	95.8
scaffold366.trna2 	1	1 	75	Phe	GAA	0	0	28.7	No	Ala	44.2
scaffold5380.trna1	1	1 	74	Val	AAC	0	0	72.5	No	Val	100.2
scaffold5380.trna2	1	1 	87	Met	CAT	39	51	64.2	No	Met	104.0
scaffold3204.trna1	1	1 	72	Pro	AGG	0	0	67.4	No	Pro	112.3
scaffold1913.trna1	1	1 	82	Ser	AGA	0	0	79.6	No	Ser	114.9
scaffold2117.trna1	1	1 	75	Ala	CGC	0	0	21.9	No	Ala	32.2
scaffold2779.trna1	1	1 	74	Thr	AGT	0	0	75.0	No	Thr	89.8
scaffold2779.trna2	1	1 	72	Thr	TGT	0	0	79.3	No	Thr	92.3
scaffold2779.trna3	1	1 	73	Phe	GAA	0	0	78.3	No	Phe	113.2
scaffold2779.trna4	1	1 	73	Ala	TGC	0	0	70.0	No	Ala	100.6
scaffold2418.trna1	1	1 	72	Pro	AGG	0	0	67.4	No	Pro	112.3
scaffold2840.trna1	1	1 	74	Ile	TAT	0	0	87.1	No	Ile	104.3
scaffold782.trna1 	1	1 	81	Met	CAT	39	45	55.5	No	Met	96.8
scaffold5884.trna1	1	1 	81	Leu	AAG	0	0	56.3	No	Leu	88.9
scaffold3247.trna1	1	1 	70	Gly	GCC	0	0	56.0	No	Gly	81.8
scaffold4788.trna1	1	1 	71	Gly	GCC	0	0	66.5	No	Gly	94.4
scaffold628.trna1 	1	1 	74	Arg	TCG	0	0	63.4	No	Arg	69.6
scaffold5780.trna1	1	1 	73	Ala	TGC	0	0	70.0	No	Ala	100.6
scaffold401.trna1 	1	1 	73	Phe	GAA	0	0	78.3	No	Phe	113.2
scaffold5018.trna1	1	1 	71	Gly	GCC	0	0	66.5	No	Gly	94.4
scaffold2006.trna1	1	1 	82	Ser	CGA	0	0	78.9	No	Ser	122.0
scaffold1946.trna1	1	1 	87	Tyr	GTA	38	51	74.4	No	Tyr	111.8
scaffold1728.trna1	1	1 	72	Arg	CCT	0	0	53.7	No	iMet	112.5
scaffold2566.trna1	1	1 	73	Arg	TCT	0	0	68.5	No	Arg	98.8
scaffold2566.trna2	1	1 	73	Phe	GAA	0	0	78.3	No	Phe	113.2
scaffold2566.trna3	1	1 	73	Ala	TGC	0	0	70.0	No	Ala	100.6
scaffold4318.trna1	1	1 	84	Leu	CAA	0	0	78.6	No	Leu	123.0
scaffold7686.trna1	1	1 	74	Val	CAC	0	0	79.3	No	Val	104.5
scaffold3571.trna1	1	1 	86	Tyr	GTA	38	50	74.5	No	Tyr	111.8
scaffold2497.trna1	1	1 	73	Glu	CTC	0	0	77.5	No	Glu	97.9
scaffold1822.trna1	1	1 	71	Gly	CCC	0	0	66.3	No	Gly	89.7
scaffold1822.trna2	1	1 	82	Ser	TGA	0	0	80.7	No	Ser	119.7
scaffold398.trna1 	1	1 	73	Ala	AGC	0	0	63.4	No	Ala	96.4
scaffold398.trna2 	1	1 	73	Ala	AGC	0	0	63.4	No	Ala	96.4
scaffold362.trna1 	1	1 	72	Pro	AGG	0	0	72.5	No	Pro	87.4
scaffold362.trna2 	1	1 	72	Pro	AGG	0	0	72.5	No	Pro	87.4
scaffold362.trna3 	1	1 	72	Pro	AGG	0	0	72.5	No	Pro	87.4
scaffold362.trna4 	1	1 	72	Pro	AGG	0	0	72.5	No	Pro	87.4
scaffold362.trna5 	1	1 	72	Pro	AGG	0	0	67.4	No	Pro	112.3
scaffold362.trna6 	1	1 	82	Ser	GCT	0	0	77.6	No	Ser	107.5
scaffold1256.trna1	1	1 	73	Ala	CGC	0	0	68.2	No	Ala	95.8
scaffold2760.trna1	1	1 	82	Ser	GCT	0	0	79.0	No	Ser	108.6
scaffold895.trna1 	1	1 	84	Leu	CAA	0	0	78.6	No	Leu	123.0
scaffold23.trna1  	1	4 	73	Val	AAC	0	0	29.3	Yes	Thr	25.1
scaffold5252.trna1	1	1 	72	Met	CAT	0	0	58.3	No	iMet	118.7
scaffold2466.trna1	1	1 	86	Tyr	GTA	38	50	74.5	No	Tyr	111.8
scaffold2466.trna2	1	1 	72	Arg	TCT	0	0	21.7	Yes	Trp	21.0
scaffold4703.trna1	1	1 	80	Leu	AAG	0	0	71.5	No	Leu	111.1
scaffold4703.trna2	1	4 	71	Asp	GTC	0	0	51.9	No	Asp	74.5
scaffold4122.trna1	1	1 	77	Sup	CTA	0	0	20.2	Yes	Gly	6.1
scaffold4122.trna2	1	3 	73	Ser	CGA	0	0	22.7	Yes	Thr	23.8
scaffold2703.trna1	1	1 	84	Leu	CAA	0	0	78.6	No	Leu	123.0
scaffold822.trna1 	1	1 	73	Arg	ACG	0	0	72.0	No	Arg	93.9
scaffold174.trna1 	1	1 	73	Arg	TCT	0	0	68.1	No	Arg	96.3
scaffold882.trna1 	1	1 	75	Phe	AAA	0	0	37.1	No	Ala	52.7
scaffold2121.trna1	1	1 	74	Glu	TTC	0	0	64.3	No	Glu	90.4
scaffold1973.trna1	1	1 	72	His	GTG	0	0	63.0	No	His	87.1
scaffold5505.trna1	1	1 	71	Gly	GCC	0	0	66.5	No	Gly	94.4
scaffold1994.trna1	1	1 	74	Val	TAC	0	0	77.8	No	Val	103.2
scaffold1994.trna2	1	1 	72	Pro	AGG	0	0	67.4	No	Pro	112.3
scaffold6042.trna1	1	1 	71	Gly	GCC	0	0	66.5	No	Gly	94.4
scaffold3211.trna1	1	1 	74	Val	AAC	0	0	72.9	No	Val	93.8
scaffold2865.trna1	1	1 	73	Arg	CCT	0	0	74.8	No	Arg	84.6
scaffold8077.trna1	1	1 	74	Val	AAC	0	0	72.5	No	Val	100.2
scaffold3579.trna1	1	1 	72	Met	CAT	0	0	58.3	No	iMet	118.7
scaffold3579.trna2	1	1 	82	Ser	TGA	0	0	75.1	No	Ser	113.6
scaffold3010.trna1	1	1 	66	Ser	CGA	0	0	23.6	Yes	Glu	20.5
scaffold6229.trna1	1	1 	74	Ile	AAT	0	0	80.3	No	Ile	103.0
scaffold6229.trna2	1	1 	72	Glu	TTC	0	0	72.0	No	Glu	101.6
scaffold4.trna1   	1	1 	72	Pro	AGG	0	0	62.9	No	Pro	111.0
scaffold5792.trna1	1	1 	81	Leu	AAG	0	0	74.3	No	Leu	109.7
scaffold1605.trna1	1	1 	72	Thr	CGT	0	0	80.6	No	Thr	86.2
scaffold1402.trna1	1	1 	73	Glu	CTC	0	0	77.5	No	Glu	97.9
scaffold1402.trna2	1	1 	73	Glu	CTC	0	0	77.5	No	Glu	97.9
scaffold3430.trna1	1	1 	72	Pro	CGG	0	0	68.2	No	Pro	113.0
scaffold4116.trna1	1	1 	73	Phe	GAA	0	0	68.7	No	Tyr	76.6
scaffold9092.trna1	1	1 	71	Gly	GCC	0	0	66.5	No	Gly	94.4
scaffold9092.trna2	1	1 	74	Ser	ACT	0	0	55.2	No	Ile	79.5
scaffold3628.trna1	1	1 	72	Cys	GCA	0	0	81.7	No	Cys	104.3
scaffold977.trna1 	1	1 	74	Val	CAC	0	0	52.0	No	Val	78.6
scaffold1171.trna1	1	1 	72	Pro	TGG	0	0	69.6	No	Pro	108.3
scaffold219.trna1 	1	1 	71	Val	AAC	0	0	21.2	Yes	Thr	23.5
scaffold5482.trna1	1	1 	72	Pro	CGG	0	0	68.2	No	Pro	113.0
scaffold4224.trna1	1	1 	72	Lys	TTT	0	0	91.9	No	Lys	98.4
scaffold3739.trna1	1	1 	72	Thr	CGT	0	0	80.5	No	Thr	87.3
scaffold1044.trna1	1	7 	73	Ala	AGC	0	0	29.1	No	Ala	38.9
scaffold2444.trna1	1	1 	71	Gly	CCC	0	0	66.3	No	Gly	89.7
scaffold5436.trna1	1	1 	72	Pro	TGG	0	0	56.5	No	Pro	95.6
scaffold5436.trna2	1	1 	72	Pro	TGG	0	0	59.6	No	Pro	99.6
scaffold344.trna2 	1	4 	73	Undet	NNN	0	0	22.7	Yes	Glu	21.4
scaffold196.trna1 	1	1 	74	His	ATG	0	0	36.4	No	Ala	48.1
scaffold196.trna2 	1	1 	73	Ala	TGC	0	0	70.0	No	Ala	100.6
scaffold196.trna3 	1	3 	73	Ala	TGC	0	0	54.8	No	Ala	74.2
scaffold196.trna4 	1	1 	72	Cys	GCA	0	0	78.4	No	Cys	102.6
scaffold196.trna5 	1	1 	80	Leu	TAG	0	0	69.5	No	Leu	111.5
scaffold1272.trna1	1	1 	72	Pro	AGG	0	0	67.4	No	Pro	112.3
scaffold1272.trna2	1	1 	74	Val	TAC	0	0	77.8	No	Val	103.2
scaffold3674.trna1	1	1 	74	Val	AAC	0	0	71.5	No	Val	97.5
scaffold3674.trna2	1	1 	73	Lys	CTT	0	0	86.8	No	Lys	107.7
scaffold7921.trna1	1	1 	73	Glu	CTC	0	0	65.7	No	Glu	81.6
scaffold7921.trna2	1	1 	73	Glu	CTC	0	0	65.7	No	Glu	81.6
scaffold868.trna1 	1	1 	73	Arg	CCT	0	0	73.3	No	Thr	83.2
scaffold122.trna1 	1	1 	72	His	GTG	0	0	63.0	No	His	87.1
scaffold1832.trna1	1	2 	71	Undet	NNN	0	0	21.0	Yes	Glu	20.7
scaffold90.trna1  	1	1 	73	Ala	AGC	0	0	63.4	No	Ala	96.4
scaffold4230.trna1	1	1 	84	Leu	CAA	0	0	78.6	No	Leu	123.0
scaffold7591.trna1	1	1 	73	Lys	CTT	0	0	56.2	No	Lys	78.1
scaffold9276.trna1	1	1 	73	Arg	CCT	0	0	74.8	No	Arg	84.6
scaffold3805.trna1	1	1 	73	Arg	ACG	0	0	72.0	No	Arg	93.9
scaffold4113.trna1	1	1 	71	Gly	GCC	0	0	56.5	No	Gly	83.2
scaffold3605.trna1	1	1 	73	Arg	TCT	0	0	70.3	No	Arg	98.6
scaffold3605.trna2	1	1 	73	Arg	TCT	0	0	70.3	No	Arg	98.6
scaffold6139.trna1	1	1 	71	Gly	GCC	0	0	66.5	No	Gly	94.4
scaffold2449.trna1	1	1 	72	Trp	CCA	0	0	75.8	No	Trp	105.6
scaffold2449.trna2	1	1 	81	Leu	CAG	0	0	69.5	No	Leu	109.7
scaffold1980.trna1	1	1 	83	Leu	CAA	0	0	78.9	No	Leu	123.6
scaffold2134.trna1	1	1 	72	His	GTG	0	0	63.0	No	His	87.1
scaffold5181.trna1	1	1 	72	Gln	TTG	0	0	73.1	No	Gln	104.8
scaffold2699.trna1	1	2 	71	Ala	AGC	0	0	27.9	Yes	Asp	21.0
scaffold768.trna1 	1	1 	72	Lys	TTT	0	0	91.9	No	Lys	98.4
scaffold1301.trna1	1	1 	73	Arg	CCT	0	0	74.8	No	Arg	84.6
scaffold141.trna1 	1	1 	74	Asn	GTT	0	0	84.5	No	Asn	95.9
scaffold6078.trna1	1	1 	72	Gln	TTG	0	0	76.3	No	Gln	99.2
scaffold9064.trna1	1	1 	71	Cys	GCA	0	0	63.0	No	Cys	72.7
scaffold2327.trna2	1	1 	74	Arg	TCG	0	0	77.4	No	Arg	85.1
scaffold2435.trna1	1	1 	85	Leu	TAA	0	0	64.2	No	Leu	84.9
scaffold5051.trna1	1	1 	74	Undet	NNN	0	0	23.8	Yes	Ala	31.4
scaffold399.trna1 	1	1 	72	Gln	CTG	0	0	65.2	No	Gln	93.5
scaffold4216.trna1	1	1 	72	Lys	TTT	0	0	91.9	No	Lys	98.4
scaffold3338.trna1	1	1 	73	Arg	TCT	0	0	58.5	No	Arg	85.9
scaffold4599.trna1	1	1 	72	His	GTG	0	0	63.0	No	His	87.1
scaffold4599.trna2	1	1 	71	Gly	GCC	0	0	66.5	No	Gly	94.4
scaffold599.trna1 	1	1 	74	Ile	AAT	0	0	81.8	No	Ile	106.8
scaffold5866.trna1	1	2 	73	Ala	AGC	0	0	54.4	No	Ala	83.1
scaffold5866.trna2	1	1 	73	Ala	AGC	0	0	63.4	No	Ala	98.3
scaffold4723.trna1	1	1 	74	Glu	TTC	0	0	64.1	No	Glu	91.0
scaffold2381.trna1	1	1 	74	Ile	AAT	0	0	72.1	No	Ile	98.5
scaffold2381.trna2	1	1 	72	Glu	TTC	0	0	61.8	No	Glu	86.2
scaffold1676.trna1	1	1 	73	Lys	CTT	0	0	56.2	No	Lys	78.1
scaffold1676.trna2	1	1 	73	Lys	CTT	0	0	56.2	No	Lys	78.1
scaffold3483.trna1	1	1 	74	Thr	AGT	0	0	75.0	No	Thr	89.8
scaffold3483.trna2	1	1 	74	Thr	AGT	0	0	75.0	No	Thr	89.8
scaffold261.trna1 	1	4 	73	Ala	AGC	0	0	23.8	Yes	Thr	20.8
scaffold2654.trna1	1	1 	71	Gly	GCC	0	0	58.0	No	Gly	86.1
scaffold3427.trna1	1	1 	73	Ala	TGC	0	0	44.1	No	Ala	70.8
scaffold3427.trna2	1	1 	73	Ala	TGC	0	0	44.1	No	Ala	70.8
scaffold4967.trna1	1	1 	71	Gly	GCC	0	0	70.7	No	Gly	71.4
scaffold4967.trna2	1	1 	71	Gly	GCC	0	0	30.4	Yes	His	37.9
scaffold4967.trna3	1	1 	74	Met	CAT	0	0	60.4	No	Met	69.2
scaffold3330.trna1	1	1 	72	Gly	TCC	0	0	73.9	No	Gly	85.6
scaffold3330.trna2	1	1 	72	Gly	TCC	0	0	73.9	No	Gly	85.6
scaffold3942.trna1	1	1 	74	Val	CAC	0	0	79.3	No	Val	104.5
scaffold3726.trna1	1	1 	73	Met	CAT	0	0	54.0	No	Thr	66.0
scaffold6283.trna1	1	1 	82	Ser	GCT	0	0	77.0	No	Ser	104.3
scaffold6283.trna2	1	1 	82	Ser	GCT	0	0	79.0	No	Ser	108.6
scaffold6283.trna3	1	1 	82	Ser	GCT	0	0	79.0	No	Ser	108.6
scaffold345.trna1 	1	1 	73	Lys	CTT	0	0	86.8	No	Lys	107.7
scaffold5369.trna1	1	1 	81	Leu	AAG	0	0	74.0	No	Leu	110.4
scaffold5369.trna2	1	4 	73	Val	AAC	0	0	25.9	Yes	Glu	25.8
scaffold111.trna1 	1	1 	86	Tyr	GTA	38	50	74.5	No	Tyr	111.8
scaffold111.trna2 	1	1 	73	Arg	CCG	0	0	66.0	No	Arg	94.3
scaffold1070.trna1	1	1 	68	Gly	GCC	0	0	41.7	No	Gly	74.1
scaffold1070.trna2	1	1 	71	Gly	GCC	0	0	66.5	No	Gly	94.4
scaffold282.trna1 	1	1 	72	His	GTG	0	0	63.0	No	His	87.1
scaffold282.trna2 	1	1 	72	His	GTG	0	0	63.0	No	His	87.1
scaffold474.trna1 	1	1 	83	Leu	CAA	0	0	81.1	No	Leu	125.6
scaffold5214.trna1	1	1 	72	Thr	CGT	0	0	70.2	No	Thr	74.2
scaffold5730.trna1	1	1 	81	Leu	AAG	0	0	74.0	No	Leu	110.4
scaffold7243.trna1	1	1 	73	Lys	CTT	0	0	86.8	No	Lys	107.7
scaffold7243.trna2	1	1 	72	Lys	CTT	0	0	74.9	No	Lys	96.6
scaffold754.trna1 	1	1 	72	Trp	CCA	0	0	75.8	No	Trp	105.6
scaffold990.trna1 	1	1 	74	Val	CAC	0	0	79.3	No	Val	104.5
scaffold10289.trna1	1	1 	73	Arg	TCT	0	0	70.0	No	Arg	100.1
scaffold103.trna1 	1	1 	82	Ser	AGA	0	0	80.3	No	Ser	115.3
scaffold8800.trna1	1	1 	73	Phe	GAA	0	0	78.3	No	Phe	113.2
scaffold1317.trna1	1	4 	73	Undet	NNN	0	0	25.7	Yes	Glu	25.6
scaffold1290.trna1	1	1 	73	Lys	CTT	0	0	86.8	No	Lys	107.7
scaffold4264.trna1	1	1 	82	Ser	CGA	0	0	78.9	No	Ser	122.0
scaffold1029.trna1	1	1 	84	Leu	CAA	0	0	78.6	No	Leu	123.0
scaffold972.trna2 	1	1 	74	Asn	GTT	0	0	81.1	No	Asn	91.8
scaffold8775.trna1	1	1 	73	Phe	GAA	0	0	78.3	No	Phe	113.2
scaffold9365.trna1	1	4 	73	Undet	NNN	0	0	20.7	Yes	Thr	17.0
scaffold1820.trna1	1	1 	73	Ala	CGC	0	0	68.3	No	Ala	99.2
scaffold481.trna1 	1	1 	74	Glu	TTC	0	0	64.3	No	Glu	90.4
scaffold2878.trna1	1	2 	71	Undet	NNN	0	0	22.3	Yes	Glu	24.2
scaffold2242.trna1	1	1 	74	Glu	TTC	0	0	64.3	No	Glu	90.4
scaffold9182.trna1	1	1 	74	Ile	AAT	0	0	81.8	No	Ile	106.8
scaffold10560.trna1	1	1 	73	Ala	AGC	0	0	63.4	No	Ala	98.3
scaffold4655.trna1	1	1 	72	Met	CAT	0	0	58.3	No	iMet	118.7
scaffold4201.trna1	1	1 	74	Thr	AGT	0	0	76.0	No	Thr	90.6
scaffold832.trna1 	1	1 	74	Asn	GTT	0	0	84.5	No	Asn	95.9
scaffold832.trna2 	1	1 	81	Leu	AAG	0	0	66.2	No	Leu	98.2
scaffold1733.trna1	1	1 	72	Pro	CGG	0	0	59.7	No	Pro	105.4
scaffold1733.trna2	1	1 	72	Pro	CGG	0	0	68.2	No	Pro	113.0
scaffold2116.trna1	1	1 	72	Trp	CCA	0	0	75.8	No	Trp	105.6
scaffold2116.trna2	1	1 	85	Met	CAT	39	49	64.3	No	Met	104.0
scaffold1761.trna1	1	1 	71	Gly	CCC	0	0	66.3	No	Gly	89.7
scaffold5876.trna1	1	1 	72	Gly	TCC	0	0	71.0	No	Gly	82.3
scaffold2396.trna1	1	1 	74	Val	AAC	0	0	72.5	No	Val	100.2
scaffold1146.trna1	1	1 	71	Gly	GCC	0	0	57.4	No	Gly	87.1
scaffold4129.trna1	1	1 	74	Val	CAC	0	0	57.1	No	Val	82.4
scaffold4129.trna2	1	1 	74	Val	CAC	0	0	64.3	No	Val	85.6
scaffold4910.trna1	1	1 	71	Gly	GCC	0	0	66.5	No	Gly	94.4
scaffold2133.trna1	1	1 	72	His	GTG	0	0	63.0	No	His	87.1
scaffold3004.trna1	1	1 	73	Glu	CTC	0	0	71.8	No	Glu	93.6
scaffold116.trna1 	1	1 	82	Ser	GCT	0	0	79.0	No	Ser	108.6
scaffold1753.trna1	1	1 	72	Trp	CCA	0	0	75.8	No	Trp	105.6
scaffold1071.trna1	1	1 	81	Leu	CAG	0	0	69.5	No	Leu	109.7
scaffold3496.trna1	1	1 	72	Pro	TGG	0	0	68.5	No	Pro	111.2
scaffold5151.trna1	1	2 	73	Val	AAC	0	0	26.6	Yes	Thr	28.0
scaffold5151.trna2	1	1 	72	Val	AAC	0	0	31.6	Yes	Thr	29.9
scaffold5067.trna1	1	1 	73	Ala	CGC	0	0	61.2	No	Ala	91.0
scaffold3258.trna1	1	1 	75	Ala	AGC	0	0	55.2	No	Ala	86.4
scaffold8018.trna1	1	1 	73	Glu	CTC	0	0	77.5	No	Glu	97.9
scaffold7085.trna1	1	1 	72	Cys	GCA	0	0	82.1	No	Cys	106.6
scaffold800.trna1 	1	1 	73	Arg	CCG	0	0	63.9	No	Arg	88.9
scaffold6823.trna1	1	1 	72	Lys	TTT	0	0	84.6	No	Lys	91.7
scaffold6823.trna2	1	1 	81	Leu	AAG	0	0	74.0	No	Leu	110.4
scaffold4675.trna1	1	1 	73	Ala	AGC	0	0	63.4	No	Ala	98.3
scaffold5751.trna1	1	1 	80	Leu	TAG	0	0	69.5	No	Leu	111.5
scaffold3397.trna1	1	1 	73	Arg	CCG	0	0	66.0	No	Arg	94.3
scaffold414.trna1 	1	1 	72	Cys	GCA	0	0	78.4	No	Cys	102.6
scaffold3737.trna1	1	1 	74	Thr	AGT	0	0	75.0	No	Thr	89.8
scaffold1929.trna1	1	1 	73	Ala	AGC	0	0	63.4	No	Ala	98.3
scaffold6374.trna1	1	1 	87	Tyr	GTA	38	51	74.4	No	Tyr	111.8
scaffold2029.trna1	1	1 	72	Pro	AGG	0	0	67.4	No	Pro	112.3
scaffold4027.trna1	1	1 	72	Asp	GTC	0	0	69.8	No	Asp	95.8
scaffold9738.trna1	1	1 	73	Ala	AGC	0	0	63.4	No	Ala	98.3
scaffold3153.trna1	1	1 	72	His	GTG	0	0	63.0	No	His	87.1
scaffold5353.trna1	1	1 	72	Asp	GTC	0	0	69.8	No	Asp	95.8
scaffold5353.trna2	1	1 	72	Asp	GTC	0	0	69.8	No	Asp	95.8
scaffold5494.trna1	1	1 	71	Gly	GCC	0	0	66.5	No	Gly	94.4
scaffold1522.trna1	1	1 	74	Glu	TTC	0	0	59.4	No	Glu	83.3
scaffold6062.trna1	1	1 	73	Ala	CGC	0	0	68.2	No	Ala	95.8
scaffold9087.trna1	1	1 	74	Val	CAC	0	0	79.3	No	Val	104.5
scaffold3092.trna1	1	1 	72	Thr	CGT	0	0	82.0	No	Thr	88.4
scaffold4895.trna1	1	1 	74	Ile	AAT	0	0	81.8	No	Ile	106.8
scaffold1867.trna1	1	1 	71	Gly	CCC	0	0	65.4	No	Gly	85.4
scaffold1056.trna1	1	1 	74	Asn	GTT	0	0	80.5	No	Asn	90.8
scaffold425.trna1 	1	1 	82	Ser	AGA	0	0	80.3	No	Ser	115.3
scaffold252.trna1 	1	1 	73	Glu	CTC	0	0	77.5	No	Glu	97.9
scaffold53.trna1  	1	1 	74	Met	CAT	0	0	50.2	No	His	39.9
scaffold2557.trna1	1	1 	72	Asp	GTC	0	0	69.8	No	Asp	95.8
scaffold2557.trna2	1	1 	73	Glu	CTC	0	0	77.5	No	Glu	97.9
scaffold4849.trna1	1	1 	71	Gly	GCC	0	0	66.5	No	Gly	94.4
scaffold554.trna1 	1	3 	71	Cys	GCA	0	0	24.2	No	Cys	43.7
scaffold4033.trna1	1	1 	71	Gly	GCC	0	0	66.5	No	Gly	94.4
scaffold4033.trna2	1	1 	74	Ser	ACT	0	0	55.2	No	Ile	79.5
scaffold4288.trna1	1	1 	73	Phe	GAA	0	0	78.3	No	Phe	113.2
scaffold2717.trna1	1	1 	72	Asp	GTC	0	0	69.8	No	Asp	95.8
scaffold4978.trna1	1	1 	73	Arg	TCT	0	0	68.1	No	Arg	96.3
scaffold4270.trna1	1	1 	63	Undet	NNN	0	0	42.6	No	Gly	56.6
scaffold8444.trna1	1	1 	73	Ala	TGC	0	0	70.0	No	Ala	100.6
scaffold1787.trna1	1	3 	72	Val	AAC	0	0	20.6	Yes	Asp	18.8
scaffold1787.trna2	1	3 	72	Val	AAC	0	0	20.6	Yes	Asp	18.8
scaffold485.trna1 	1	4 	73	Ile	AAT	0	0	20.4	Yes	Arg	18.5
scaffold485.trna2 	1	1 	74	Asn	GTT	0	0	84.5	No	Asn	95.9
scaffold10879.trna1	1	6 	73	Undet	NNN	0	0	22.5	Yes	Glu	20.8
scaffold1283.trna1	1	1 	71	Gly	GCC	0	0	66.5	No	Gly	94.4
scaffold140.trna1 	1	4 	73	Val	AAC	0	0	21.3	Yes	Glu	26.0
scaffold6201.trna1	1	1 	73	Ala	TGC	0	0	70.0	No	Ala	100.6
scaffold6201.trna2	1	1 	74	Phe	GAA	0	0	68.5	No	Phe	100.4
scaffold4605.trna1	1	1 	73	Ala	AGC	0	0	63.4	No	Ala	98.3
scaffold4605.trna2	1	1 	72	Pro	TGG	0	0	69.6	No	Pro	108.3
scaffold4605.trna3	1	1 	72	Pro	TGG	0	0	69.6	No	Pro	108.3
scaffold3858.trna1	1	1 	72	Pro	AGG	0	0	67.4	No	Pro	112.3
scaffold2532.trna1	1	1 	73	Arg	CCT	0	0	74.8	No	Arg	84.6
scaffold2532.trna2	1	1 	74	Glu	TTC	0	0	64.1	No	Glu	91.0
scaffold1113.trna1	1	1 	74	Thr	AGT	0	0	75.0	No	Thr	89.8
scaffold3820.trna1	1	1 	82	Ser	AGA	0	0	69.2	No	Ser	105.9
scaffold6922.trna1	1	1 	74	Val	AAC	0	0	72.9	No	Val	93.8
scaffold5081.trna1	1	1 	73	Glu	CTC	0	0	77.5	No	Glu	97.9
scaffold5081.trna2	1	1 	72	Gln	CTG	0	0	71.6	No	Gln	100.9
scaffold4987.trna1	1	1 	72	Thr	CGT	0	0	82.2	No	Thr	90.2
scaffold9608.trna1	1	1 	75	Asn	GTT	0	0	57.1	No	Asn	68.4
scaffold9608.trna2	1	1 	75	Asn	GTT	0	0	57.1	No	Asn	68.4
scaffold5654.trna1	1	1 	74	Ile	TAT	0	0	87.1	No	Ile	104.3
scaffold1319.trna1	1	1 	72	Met	CAT	0	0	58.3	No	iMet	118.7
scaffold4353.trna1	1	3 	70	Gly	GCC	0	0	30.3	Yes	Gly	50.6
scaffold4353.trna2	1	1 	71	Gly	GCC	0	0	66.5	No	Gly	94.4
scaffold4353.trna3	1	1 	71	Gly	GCC	0	0	66.5	No	Gly	94.4
scaffold4353.trna4	1	1 	71	Gly	GCC	0	0	66.5	No	Gly	94.4
scaffold4353.trna5	1	1 	71	Gly	GCC	0	0	66.5	No	Gly	94.4
scaffold1872.trna1	1	1 	72	Trp	CCA	0	0	75.8	No	Trp	105.6
scaffold1872.trna2	1	1 	72	Cys	GCA	0	0	54.6	No	Gly	55.9
scaffold1515.trna1	1	1 	72	Pro	TGG	0	0	69.6	No	Pro	108.3
scaffold2903.trna1	1	1 	71	Gly	CCC	0	0	66.3	No	Gly	89.7
scaffold9579.trna1	1	1 	70	Val	AAC	0	0	32.4	Yes	Thr	22.1
scaffold3710.trna1	1	1 	72	Cys	GCA	0	0	81.7	No	Cys	104.3
scaffold2828.trna1	1	1 	74	Ile	AAT	0	0	52.9	No	Ile	73.8
scaffold884.trna1 	1	1 	73	Glu	CTC	0	0	77.5	No	Glu	97.9
scaffold3601.trna1	1	1 	72	Trp	CCA	0	0	70.2	No	Trp	97.8
scaffold1315.trna1	1	1 	72	Asp	GTC	0	0	69.8	No	Asp	95.8
scaffold237.trna1 	1	1 	73	Ala	CGC	0	0	68.2	No	Ala	95.8
scaffold8181.trna1	1	1 	72	Met	CAT	0	0	58.3	No	iMet	118.7
scaffold8181.trna2	1	1 	74	Asn	GTT	0	0	83.6	No	Asn	95.7
scaffold3.trna1   	1	1 	72	Trp	CCA	0	0	75.8	No	Trp	105.6
scaffold6306.trna1	1	1 	82	Ser	CGA	0	0	81.0	No	Ser	122.3
scaffold2536.trna1	1	1 	85	Met	CAT	39	49	48.1	No	Met	85.0
scaffold6238.trna1	1	1 	73	Ala	CGC	0	0	67.2	No	Ala	98.5
scaffold2676.trna1	1	1 	74	Thr	AGT	0	0	75.0	No	Thr	89.8
scaffold3462.trna1	1	1 	71	Gly	CCC	0	0	66.3	No	Gly	89.7
scaffold713.trna1 	1	1 	82	Ser	TGA	0	0	80.7	No	Ser	119.7
scaffold4874.trna1	1	1 	73	Glu	CTC	0	0	77.5	No	Glu	97.9
scaffold9869.trna1	1	1 	72	Gln	CTG	0	0	72.6	No	Gln	100.8
scaffold13892.trna1	1	1 	73	Glu	CTC	0	0	77.5	No	Glu	97.9
scaffold2485.trna1	1	1 	82	Ser	GCT	0	0	79.0	No	Ser	108.6
scaffold2485.trna2	1	1 	82	Ser	GCT	0	0	79.0	No	Ser	108.6
scaffold2215.trna1	1	1 	85	Met	CAT	39	49	64.3	No	Met	104.0
scaffold6909.trna1	1	1 	72	Asp	GTC	0	0	56.1	No	Asp	72.3
scaffold1291.trna1	1	1 	73	Phe	GAA	0	0	78.3	No	Phe	113.2
scaffold3643.trna1	1	1 	73	Ala	CGC	0	0	68.3	No	Ala	99.2
scaffold3730.trna1	1	1 	74	Val	CAC	0	0	79.3	No	Val	104.5
scaffold194.trna1 	1	1 	73	Lys	CTT	0	0	86.8	No	Lys	107.7
scaffold1617.trna1	1	1 	75	Leu	CAA	0	0	28.2	Yes	Thr	26.8
scaffold5473.trna1	1	1 	72	Gln	CTG	0	0	72.6	No	Gln	100.8
scaffold2749.trna1	1	1 	80	Leu	AAG	0	0	63.5	No	Leu	103.2
scaffold2749.trna2	1	1 	80	Leu	AAG	0	0	63.5	No	Leu	104.3
scaffold6631.trna1	1	1 	73	Glu	CTC	0	0	77.5	No	Glu	97.9
scaffold1253.trna1	1	1 	81	Leu	CAG	0	0	69.5	No	Leu	109.7
scaffold1253.trna2	1	1 	74	Ile	AAT	0	0	81.8	No	Ile	106.8
scaffold7545.trna1	1	3 	73	Val	AAC	0	0	22.6	Yes	Arg	25.8
scaffold3647.trna1	1	1 	73	Glu	CTC	0	0	61.9	No	Glu	82.1
scaffold7932.trna1	1	1 	72	Asp	GTC	0	0	69.8	No	Asp	95.8
scaffold7932.trna2	1	1 	72	Asp	GTC	0	0	69.8	No	Asp	95.8
scaffold146.trna1 	1	4 	73	Val	AAC	0	0	20.0	Yes	Glu	19.5
scaffold146.trna2 	1	4 	73	Val	AAC	0	0	31.4	Yes	Glu	27.4
scaffold8050.trna1	1	1 	74	Undet	NNN	0	0	21.2	Yes	Thr	16.7
scaffold1667.trna1	1	1 	72	Asp	GTC	0	0	46.3	No	Asp	68.9
scaffold6162.trna1	1	1 	80	Undet	NNN	0	0	37.8	No	Gln	38.0
scaffold6162.trna2	1	1 	80	Undet	NNN	0	0	37.8	No	Gln	38.0
scaffold6162.trna3	1	1 	72	His	GTG	0	0	63.0	No	His	87.1
scaffold5897.trna1	1	1 	77	Leu	CAA	0	0	34.1	No	Leu	75.4
scaffold5383.trna1	1	1 	71	Gly	GCC	0	0	66.5	No	Gly	94.4
scaffold548.trna1 	1	1 	73	Ala	TGC	0	0	70.0	No	Ala	102.4
scaffold609.trna1 	1	1 	80	Undet	NNN	0	0	37.8	No	Gln	38.0
scaffold609.trna2 	1	1 	72	His	GTG	0	0	63.0	No	His	87.1
scaffold4242.trna1	1	1 	72	His	GTG	0	0	63.0	No	His	87.1
scaffold7005.trna1	1	1 	72	His	GTG	0	0	63.0	No	His	87.1
scaffold5655.trna1	1	1 	71	Undet	NNN	0	0	20.1	Yes	Glu	34.7
scaffold3866.trna1	1	1 	73	Phe	GAA	0	0	78.3	No	Phe	113.2
scaffold4992.trna1	1	1 	72	Thr	TGT	0	0	84.5	No	Thr	95.0
scaffold4992.trna2	1	1 	74	Asn	GTT	0	0	81.1	No	Asn	91.8
scaffold5889.trna1	1	1 	74	Thr	AGT	0	0	76.0	No	Thr	90.6
scaffold8589.trna1	1	1 	72	Met	CAT	0	0	58.3	No	iMet	118.7
scaffold8589.trna3	1	1 	82	Ser	TGA	0	0	80.7	No	Ser	119.7
scaffold8601.trna1	1	1 	72	Lys	TTT	0	0	91.9	No	Lys	98.4
scaffold3768.trna1	1	1 	73	Lys	CTT	0	0	86.8	No	Lys	107.7
scaffold3695.trna1	1	1 	72	Pro	CGG	0	0	68.2	No	Pro	113.0
scaffold1785.trna1	1	1 	72	Thr	CGT	0	0	78.9	No	Thr	87.3
scaffold684.trna1 	1	3 	73	Undet	NNN	0	0	20.4	Yes	Arg	24.9
scaffold4484.trna1	1	1 	85	Undet	NNN	0	0	32.4	Yes	Thr	27.7
scaffold113.trna1 	1	1 	73	Lys	CTT	0	0	79.9	No	Lys	100.4
scaffold5210.trna1	1	1 	72	Cys	GCA	0	0	71.7	No	Cys	93.9
scaffold500.trna1 	1	1 	72	Pro	TGG	0	0	68.5	No	Pro	111.2
scaffold2256.trna1	1	1 	87	Met	CAT	39	51	64.2	No	Met	104.0
scaffold2256.trna2	1	1 	87	Met	CAT	39	51	64.2	No	Met	104.0
scaffold3482.trna1	1	1 	74	Ile	AAT	0	0	81.8	No	Ile	106.8
scaffold4989.trna1	1	4 	73	Undet	NNN	0	0	20.2	Yes	Glu	25.0
scaffold4989.trna2	1	4 	73	Undet	NNN	0	0	20.2	Yes	Glu	25.0
scaffold4866.trna1	1	3 	72	Ala	AGC	0	0	28.3	Yes	Glu	27.4
scaffold865.trna1 	1	1 	73	Glu	CTC	0	0	77.5	No	Glu	97.9
scaffold1051.trna1	1	1 	73	Ala	AGC	0	0	63.4	No	Ala	98.3
scaffold1051.trna2	1	1 	72	Pro	AGG	0	0	67.4	No	Pro	112.3
scaffold568.trna1 	1	1 	74	Val	CAC	0	0	79.3	No	Val	104.5
scaffold2904.trna1	1	1 	71	Gly	CCC	0	0	42.9	No	Gly	59.8
scaffold4945.trna1	1	1 	80	Leu	AAG	0	0	71.5	No	Leu	111.1
scaffold4945.trna2	1	1 	80	Leu	AAG	0	0	71.5	No	Leu	111.1
scaffold8478.trna1	1	1 	72	Pro	TGG	0	0	69.6	No	Pro	108.3
scaffold8478.trna2	1	1 	72	Pro	TGG	0	0	69.6	No	Pro	108.3
scaffold9926.trna1	1	1 	73	Arg	ACG	0	0	72.0	No	Arg	93.9
scaffold10453.trna1	1	1 	72	Trp	CCA	0	0	75.8	No	Trp	105.6
scaffold10453.trna2	1	4 	73	Val	AAC	0	0	39.2	Yes	Glu	40.0
scaffold7268.trna1	1	1 	74	Glu	TTC	0	0	64.1	No	Glu	91.0
scaffold4952.trna1	1	1 	73	Phe	GAA	0	0	78.3	No	Phe	113.2
scaffold1172.trna1	1	1 	72	Thr	TGT	0	0	79.3	No	Thr	92.3
scaffold7979.trna1	1	1 	73	Phe	GAA	0	0	78.3	No	Phe	113.2
scaffold7282.trna1	1	1 	74	Thr	AGT	0	0	75.0	No	Thr	89.8
scaffold654.trna1 	1	1 	74	Thr	AGT	0	0	76.0	No	Thr	90.6
scaffold6771.trna1	1	1 	73	Ala	AGC	0	0	63.4	No	Ala	98.3
scaffold7765.trna1	1	1 	83	Leu	TAA	0	0	71.9	No	Leu	98.7
scaffold7765.trna2	1	1 	83	Leu	TAA	0	0	71.9	No	Leu	98.7
scaffold5408.trna1	1	1 	73	Asp	GTC	0	0	30.2	Yes	Gly	39.9
scaffold683.trna1 	1	1 	81	Leu	AAG	0	0	74.0	No	Leu	110.4
scaffold8089.trna1	1	1 	62	Ile	AAT	0	0	49.2	No	Ile	61.6
scaffold8089.trna2	1	1 	62	Ile	AAT	0	0	45.8	No	Ile	57.3
scaffold686.trna1 	1	1 	72	Thr	CGT	0	0	79.8	No	Thr	85.0
scaffold2320.trna1	1	1 	72	Thr	TGT	0	0	79.3	No	Thr	92.3
scaffold2320.trna2	1	1 	73	Phe	GAA	0	0	78.3	No	Phe	113.2
scaffold2320.trna3	1	1 	73	Ala	TGC	0	0	70.0	No	Ala	100.6
scaffold2264.trna1	1	1 	73	Ala	AGC	0	0	63.4	No	Ala	98.3
scaffold2264.trna2	1	1 	73	Ala	AGC	0	0	63.4	No	Ala	98.3
scaffold2264.trna3	1	1 	82	Ser	GCT	0	0	79.0	No	Ser	108.6
scaffold2264.trna4	1	1 	73	Glu	CTC	0	0	71.6	No	Glu	89.9
scaffold1668.trna1	1	1 	73	Lys	CTT	0	0	77.2	No	Lys	99.7
scaffold975.trna1 	1	1 	85	Leu	TAA	0	0	56.0	No	Leu	75.3
scaffold975.trna2 	1	1 	85	Leu	TAA	0	0	56.0	No	Leu	75.3
scaffold1464.trna1	1	1 	71	Gly	GCC	0	0	66.5	No	Gly	94.4
scaffold3468.trna1	1	1 	73	Arg	TCT	0	0	68.1	No	Arg	96.3
scaffold3234.trna1	1	1 	71	Asp	GTC	0	0	45.6	No	Asp	70.9
scaffold5421.trna1	1	1 	72	His	GTG	0	0	54.3	No	His	75.6
scaffold322.trna1 	1	1 	72	Pro	AGG	0	0	67.4	No	Pro	112.3
scaffold12.trna1  	1	1 	82	Ser	AGA	0	0	80.3	No	Ser	115.3
scaffold9268.trna1	1	1 	73	Arg	ACG	0	0	72.0	No	Arg	93.9
scaffold746.trna1 	1	1 	72	Gln	TTG	0	0	73.0	No	Gln	105.0
scaffold746.trna2 	1	1 	72	Gln	TTG	0	0	75.9	No	Gln	108.1
scaffold746.trna3 	1	1 	72	Gln	TTG	0	0	67.6	No	Gln	102.3
scaffold746.trna4 	1	1 	72	Gln	TTG	0	0	75.9	No	Gln	108.1
scaffold746.trna5 	1	1 	72	Gln	TTG	0	0	68.5	No	Gln	101.1
scaffold746.trna6 	1	1 	72	Gln	TTG	0	0	73.0	No	Gln	105.0
scaffold746.trna7 	1	3 	71	Gln	TTG	0	0	58.9	No	Gln	79.2
scaffold746.trna8 	1	1 	72	Gln	TTG	0	0	68.5	No	Gln	101.1
scaffold746.trna9 	1	1 	72	Gln	TTG	0	0	72.0	No	Gln	104.4
scaffold746.trna10	1	1 	72	Gln	TTG	0	0	73.0	No	Gln	105.0
scaffold1958.trna1	1	1 	81	Leu	CAG	0	0	69.5	No	Leu	109.7
scaffold5795.trna1	1	4 	67	Ala	AGC	0	0	22.2	No	Glu	21.0
scaffold1231.trna1	1	1 	72	Pro	CGG	0	0	68.2	No	Pro	113.0
scaffold3784.trna1	1	1 	72	Trp	CCA	0	0	75.8	No	Trp	105.6
scaffold805.trna1 	1	1 	81	Leu	CAG	0	0	51.8	No	Leu	95.2
scaffold5757.trna1	1	1 	73	Phe	GAA	0	0	57.3	No	Thr	61.1
scaffold1387.trna1	1	1 	72	Gln	TTG	0	0	76.3	No	Gln	99.2
scaffold954.trna1 	1	1 	72	Asp	GTC	0	0	58.2	No	Asp	84.3
scaffold954.trna2 	1	1 	72	Asp	GTC	0	0	58.2	No	Asp	84.3
scaffold9119.trna2	1	1 	81	Leu	AAG	0	0	74.0	No	Leu	110.4
scaffold9119.trna3	1	1 	82	Ser	AGA	0	0	80.3	No	Ser	115.3
scaffold7883.trna1	1	1 	86	Tyr	GTA	38	50	74.5	No	Tyr	111.8
scaffold3413.trna1	1	2 	71	Undet	NNN	0	0	21.9	Yes	Glu	27.9
scaffold3413.trna2	1	4 	73	Val	AAC	0	0	29.3	Yes	Thr	25.1
scaffold1191.trna1	1	1 	81	Leu	CAG	0	0	69.5	No	Leu	109.7
scaffold7427.trna1	1	1 	70	Arg	ACG	0	0	31.9	Yes	Tyr	31.6
scaffold5280.trna1	1	1 	73	Met	CAT	0	0	54.0	No	Thr	66.0
scaffold430.trna1 	1	1 	72	Gln	CTG	0	0	74.6	No	Gln	102.4
scaffold5659.trna1	1	1 	82	Ser	AGA	0	0	80.3	No	Ser	115.3
scaffold4579.trna1	1	1 	71	Gly	CCC	0	0	65.4	No	Gly	85.4
scaffold8270.trna1	1	1 	72	Gln	CTG	0	0	72.2	No	Gln	102.6
scaffold5871.trna1	1	1 	73	Lys	CTT	0	0	86.8	No	Lys	107.7
scaffold3992.trna1	1	1 	82	Ser	CGA	0	0	81.0	No	Ser	122.3
scaffold10865.trna1	1	1 	73	Ala	TGC	0	0	70.0	No	Ala	100.6
scaffold10865.trna2	1	1 	74	Thr	AGT	0	0	75.0	No	Thr	89.8
scaffold3185.trna1	1	1 	71	Gly	GCC	0	0	66.5	No	Gly	94.4
scaffold6285.trna1	1	1 	82	Ser	AGA	0	0	80.3	No	Ser	115.3
scaffold272.trna1 	1	1 	87	Tyr	GTA	38	51	74.4	No	Tyr	111.8
scaffold828.trna1 	1	1 	74	Ile	TAT	0	0	85.9	No	Ile	103.9
scaffold7884.trna1	1	1 	74	Thr	AGT	0	0	75.0	No	Thr	89.8
scaffold2549.trna1	1	1 	72	Pro	TGG	0	0	68.5	No	Pro	111.2
scaffold7018.trna1	1	1 	72	Trp	CCA	0	0	75.8	No	Trp	105.6
scaffold3971.trna1	1	1 	70	Ile	TAT	0	0	52.1	No	Ile	74.6
scaffold4851.trna1	1	1 	86	Tyr	GTA	38	50	74.5	No	Tyr	111.8
scaffold3634.trna1	1	1 	73	Lys	TTT	0	0	90.5	No	Lys	96.4
scaffold8048.trna1	1	1 	73	Arg	ACG	0	0	72.0	No	Arg	93.9
scaffold7208.trna1	1	1 	71	Gly	CCC	0	0	66.3	No	Gly	89.7
scaffold9978.trna1	1	1 	72	Met	CAT	0	0	49.7	No	iMet	111.2
scaffold9978.trna2	1	1 	71	Gly	GCC	0	0	66.5	No	Gly	94.4
scaffold1502.trna1	1	1 	72	Trp	CCA	0	0	66.7	No	Trp	97.2
scaffold6384.trna1	1	1 	74	Asn	GTT	0	0	81.1	No	Asn	91.8
scaffold3114.trna1	1	1 	72	Val	GAC	0	0	40.0	Yes	Cys	48.5
scaffold29.trna1  	1	1 	81	Leu	AAG	0	0	74.0	No	Leu	110.4
scaffold2434.trna1	1	1 	73	Arg	CCT	0	0	60.8	No	Arg	72.2
scaffold2434.trna2	1	1 	72	Gln	CTG	0	0	72.6	No	Gln	100.8
scaffold4871.trna1	1	1 	74	Thr	AGT	0	0	76.0	No	Thr	90.6
scaffold8123.trna1	1	1 	72	Met	CAT	0	0	58.3	No	iMet	118.7
scaffold8096.trna1	1	1 	72	Met	CAT	0	0	58.3	No	iMet	118.7
scaffold8096.trna2	1	1 	76	Val	AAC	0	0	29.9	Yes	Val	53.4
scaffold8096.trna3	1	1 	76	Val	AAC	0	0	29.9	Yes	Val	53.4
scaffold12667.trna1	1	1 	71	Gly	GCC	0	0	66.5	No	Gly	94.4
scaffold2260.trna1	1	1 	87	Met	CAT	39	51	56.2	No	Met	96.0
scaffold2260.trna2	1	1 	74	Val	AAC	0	0	72.9	No	Val	93.8
scaffold3108.trna1	1	1 	73	Ala	TGC	0	0	70.0	No	Ala	100.6
scaffold3066.trna1	1	2 	71	Undet	NNN	0	0	25.2	Yes	Arg	29.6
scaffold2901.trna1	1	1 	80	Leu	TAG	0	0	69.5	No	Leu	111.5
scaffold5856.trna1	1	1 	73	Val	TAC	0	0	71.2	No	Val	101.5
scaffold5856.trna2	1	1 	74	Val	AAC	0	0	72.9	No	Val	93.8
scaffold5734.trna1	1	1 	71	Gly	CCC	0	0	66.3	No	Gly	89.7
scaffold3577.trna1	1	1 	74	Met	CAT	0	0	54.2	No	His	48.5
scaffold10.trna1  	1	1 	74	Ile	AAT	0	0	81.8	No	Ile	106.8
scaffold2141.trna1	1	1 	86	Tyr	GTA	38	50	74.5	No	Tyr	111.8
scaffold1087.trna1	1	1 	73	Glu	CTC	0	0	73.1	No	Glu	90.7
scaffold1087.trna2	1	1 	73	Glu	CTC	0	0	77.5	No	Glu	97.9
scaffold4580.trna1	1	1 	74	Glu	TTC	0	0	48.2	No	Glu	78.4
scaffold9846.trna1	1	1 	71	Phe	AAA	0	0	66.6	No	Ser	83.6
scaffold4219.trna1	1	1 	74	Val	CAC	0	0	79.3	No	Val	104.5
scaffold6915.trna1	1	1 	72	Pro	AGG	0	0	67.4	No	Pro	112.3
scaffold7431.trna1	1	1 	74	Ile	AAT	0	0	79.3	No	Ile	104.3
scaffold3357.trna1	1	1 	85	Tyr	GTA	38	49	59.3	No	Tyr	98.3
scaffold2489.trna1	1	1 	75	Ala	CGC	0	0	36.0	No	Ala	48.7
scaffold2489.trna2	1	1 	75	Ala	CGC	0	0	31.8	No	Ala	44.1
scaffold2489.trna3	1	1 	74	Undet	NNN	0	0	23.4	Yes	Ala	30.9
scaffold2489.trna4	1	1 	75	Ala	CGC	0	0	31.7	No	Ala	44.7
scaffold2489.trna5	1	1 	75	Ala	CGC	0	0	22.6	Yes	Ala	37.6
scaffold6084.trna1	1	1 	71	Undet	NNN	0	0	27.7	No	Ala	38.2
scaffold6084.trna2	1	1 	75	Phe	GAA	0	0	28.7	No	Ala	44.2
scaffold6084.trna3	1	1 	75	Ile	AAT	0	0	42.2	No	Ala	48.4
scaffold957.trna1 	1	1 	74	Val	AAC	0	0	72.9	No	Val	93.8
scaffold957.trna2 	1	1 	73	Val	TAC	0	0	71.2	No	Val	101.5
scaffold9640.trna1	1	1 	73	Lys	CTT	0	0	86.8	No	Lys	107.7
scaffold710.trna1 	1	1 	73	Glu	CTC	0	0	77.5	No	Glu	97.9
scaffold1097.trna1	1	1 	81	Leu	AAG	0	0	74.0	No	Leu	110.4
scaffold3130.trna1	1	1 	73	Ala	CGC	0	0	68.2	No	Ala	95.8
scaffold7924.trna1	1	1 	72	Gly	TCC	0	0	71.0	No	Gly	82.3
scaffold7924.trna2	1	1 	72	Gly	TCC	0	0	74.1	No	Gly	84.2
scaffold1294.trna1	1	1 	72	Thr	CGT	0	0	82.2	No	Thr	90.2
scaffold4301.trna1	1	1 	81	Leu	AAG	0	0	56.8	No	Leu	87.0
scaffold4301.trna2	1	1 	81	Leu	AAG	0	0	68.4	No	Leu	105.3
scaffold679.trna1 	1	4 	73	Ala	AGC	0	0	21.4	Yes	Glu	34.9
scaffold7613.trna1	1	1 	73	Phe	GAA	0	0	78.6	No	Phe	108.7
scaffold5731.trna1	1	1 	81	Leu	AAG	0	0	74.0	No	Leu	110.4
scaffold5731.trna2	1	1 	81	Leu	CAG	0	0	69.5	No	Leu	109.7
scaffold3636.trna1	1	1 	73	Lys	CTT	0	0	69.5	No	Lys	85.6
scaffold2291.trna1	1	1 	74	Ile	AAT	0	0	81.8	No	Ile	106.8
scaffold8095.trna1	1	1 	72	Met	CAT	0	0	58.3	No	iMet	118.7
scaffold4032.trna1	1	1 	74	Ile	AAT	0	0	81.8	No	Ile	106.8
scaffold7413.trna1	1	1 	73	Lys	CTT	0	0	86.8	No	Lys	107.7
scaffold5854.trna1	1	1 	73	Ala	CGC	0	0	68.3	No	Ala	99.2
scaffold1489.trna1	1	1 	71	Gly	GCC	0	0	66.5	No	Gly	94.4
scaffold1489.trna2	1	1 	71	Gly	GCC	0	0	66.5	No	Gly	94.4
scaffold1489.trna3	1	1 	71	Gly	GCC	0	0	66.5	No	Gly	94.4
scaffold1489.trna4	1	1 	71	Gly	GCC	0	0	66.5	No	Gly	94.4
scaffold1489.trna5	1	1 	71	Gly	GCC	0	0	66.5	No	Gly	94.4
scaffold1489.trna6	1	1 	71	Gly	GCC	0	0	66.5	No	Gly	94.4
scaffold2658.trna1	1	1 	73	His	ATG	0	0	44.9	Yes	Ile	57.3
scaffold2726.trna1	1	1 	74	Asn	GTT	0	0	78.4	No	Asn	88.9
scaffold6968.trna1	1	1 	74	Thr	AGT	0	0	33.6	Yes	Thr	44.7
scaffold6968.trna2	1	1 	73	Arg	CCT	0	0	74.8	No	Arg	84.6
scaffold6968.trna3	1	1 	72	Gln	CTG	0	0	58.8	No	Gln	86.7
scaffold10630.trna1	1	1 	88	Met	CAT	39	52	64.1	No	Met	104.0
scaffold8825.trna1	1	1 	81	Leu	AAG	0	0	63.8	No	Leu	102.0
scaffold6777.trna1	1	1 	72	Gln	CTG	0	0	71.6	No	Gln	100.9
scaffold6777.trna2	1	1 	72	Gln	CTG	0	0	64.1	No	Gln	92.6
scaffold8252.trna1	1	1 	72	Asp	GTC	0	0	69.8	No	Asp	95.8
scaffold8252.trna2	1	1 	72	Asp	GTC	0	0	69.8	No	Asp	95.8
scaffold6557.trna1	1	1 	72	Trp	CCA	0	0	75.8	No	Trp	105.6
scaffold5551.trna1	1	1 	74	Asn	GTT	0	0	81.1	No	Asn	91.8
scaffold1815.trna1	1	1 	74	Asn	GTT	0	0	71.9	No	Asn	83.4
scaffold2552.trna1	1	1 	73	Glu	CTC	0	0	77.5	No	Glu	97.9
scaffold11427.trna1	1	1 	72	Cys	GCA	0	0	78.0	No	Cys	100.1
scaffold8561.trna1	1	1 	83	Leu	CAA	0	0	78.9	No	Leu	123.6
scaffold6342.trna1	1	1 	73	Glu	CTC	0	0	77.5	No	Glu	97.9
scaffold1564.trna1	1	1 	86	Tyr	GTA	38	50	74.5	No	Tyr	111.8
scaffold1564.trna2	1	1 	87	Ser	GGA	0	0	64.5	No	Ser	84.5
scaffold5619.trna1	1	1 	72	Lys	TTT	0	0	82.8	No	Lys	88.9
scaffold5619.trna2	1	1 	73	Ala	TGC	0	0	67.6	No	Ala	95.2
scaffold5619.trna3	1	1 	75	Phe	AAA	0	0	30.5	No	Ala	41.9
scaffold5619.trna4	1	1 	75	Phe	AAA	0	0	34.6	No	Ala	48.5
scaffold6887.trna1	1	1 	73	Glu	CTC	0	0	77.5	No	Glu	97.9
scaffold5803.trna1	1	1 	82	Ser	GCT	0	0	77.6	No	Ser	107.5
scaffold4658.trna1	1	1 	71	Gly	CCC	0	0	66.3	No	Gly	89.7
scaffold8964.trna1	1	1 	72	Lys	TTT	0	0	91.9	No	Lys	98.4
scaffold8353.trna1	1	1 	73	Lys	CTT	0	0	86.8	No	Lys	107.7
scaffold571.trna1 	1	1 	74	Val	AAC	0	0	58.0	No	Val	87.4
scaffold571.trna2 	1	1 	74	Asn	GTT	0	0	84.5	No	Asn	95.9
scaffold11605.trna1	1	1 	73	Val	TAC	0	0	71.9	No	Val	103.9
scaffold5093.trna1	1	1 	72	Pro	TGG	0	0	63.0	No	Pro	109.1
scaffold5093.trna2	1	1 	72	Pro	AGG	0	0	67.4	No	Pro	112.3
scaffold2053.trna1	1	1 	81	Leu	CAG	0	0	69.5	No	Leu	109.7
scaffold3164.trna1	1	1 	74	Glu	TTC	0	0	64.3	No	Glu	90.4
scaffold5417.trna1	1	1 	73	Arg	ACG	0	0	72.0	No	Arg	93.9
scaffold3575.trna1	1	1 	73	Ala	AGC	0	0	63.4	No	Ala	98.3
scaffold3070.trna1	1	1 	73	Lys	CTT	0	0	86.8	No	Lys	107.7
scaffold2722.trna1	1	1 	82	Ser	TGA	0	0	80.7	No	Ser	119.7
scaffold4626.trna1	1	1 	72	Gly	TCC	0	0	73.9	No	Gly	85.6
scaffold4546.trna1	1	1 	86	Met	CAT	39	50	64.2	No	Met	104.0
scaffold4449.trna1	1	1 	82	Ser	CGA	0	0	78.9	No	Ser	122.0
scaffold4449.trna2	1	1 	74	Val	AAC	0	0	73.2	No	Val	95.8
scaffold4884.trna1	1	1 	80	Leu	TAG	0	0	69.5	No	Leu	111.5
scaffold4884.trna2	1	1 	72	Cys	GCA	0	0	78.0	No	Cys	100.1
scaffold334.trna1 	1	1 	73	Lys	TTT	0	0	90.8	No	Lys	95.4
scaffold2086.trna1	1	1 	72	Asp	GTC	0	0	69.8	No	Asp	98.0
scaffold5502.trna1	1	1 	73	Phe	GAA	0	0	77.1	No	Phe	108.5
scaffold5294.trna1	1	1 	72	Met	CAT	0	0	51.4	No	iMet	112.4
scaffold5040.trna1	1	1 	81	Leu	AAG	0	0	74.0	No	Leu	110.4
scaffold6860.trna1	1	3 	72	Undet	NNN	0	0	27.1	Yes	Glu	23.7
scaffold6412.trna1	1	1 	73	Ala	CGC	0	0	68.2	No	Ala	95.8
scaffold12935.trna1	1	1 	71	Gly	GCC	0	0	66.5	No	Gly	94.4
scaffold6741.trna1	1	1 	74	Glu	TTC	0	0	64.1	No	Glu	91.0
scaffold11293.trna1	1	1 	73	Ala	AGC	0	0	63.4	No	Ala	98.3
scaffold4691.trna1	1	1 	87	Met	CAT	39	51	66.7	No	Met	102.8
scaffold7159.trna1	1	3 	73	Ile	AAT	0	0	25.3	Yes	Ala	24.2
scaffold5572.trna1	1	1 	74	His	ATG	0	0	40.4	No	Ala	58.6
scaffold5572.trna2	1	1 	73	Ala	TGC	0	0	70.0	No	Ala	100.6
scaffold5539.trna1	1	1 	81	Leu	CAG	0	0	69.5	No	Leu	109.7
scaffold838.trna1 	1	5 	73	Val	TAC	0	0	49.2	No	Val	73.2
scaffold10297.trna1	1	1 	71	Gly	GCC	0	0	47.6	No	Gly	70.9
scaffold10297.trna2	1	7 	65	Gly	GCC	0	0	36.4	No	Gly	58.6
scaffold8292.trna1	1	1 	74	Asn	GTT	0	0	84.5	No	Asn	95.9
scaffold8862.trna1	1	1 	73	Ala	AGC	0	0	63.4	No	Ala	98.3
scaffold6491.trna1	1	1 	81	Leu	CAG	0	0	69.5	No	Leu	109.7
scaffold1646.trna1	1	1 	73	Glu	CTC	0	0	64.2	No	Glu	87.2
scaffold1080.trna1	1	1 	74	His	GTG	0	0	50.5	No	His	60.2
scaffold2465.trna1	1	1 	74	Undet	NNN	0	0	33.7	No	Ala	38.9
scaffold3698.trna1	1	1 	72	Asp	GTC	0	0	67.8	No	Asp	92.9
scaffold5996.trna1	1	1 	72	Asp	GTC	0	0	69.8	No	Asp	95.8
scaffold5996.trna2	1	1 	72	Asp	GTC	0	0	69.8	No	Asp	95.8
scaffold5996.trna3	1	1 	72	Asp	GTC	0	0	69.8	No	Asp	95.8
scaffold2288.trna1	1	1 	75	Phe	GAA	0	0	28.2	No	Ala	45.6
scaffold2288.trna2	1	1 	74	Undet	NNN	0	0	41.5	No	Ala	52.6
scaffold2288.trna3	1	1 	75	Ile	AAT	0	0	29.7	No	Ala	36.2
scaffold2288.trna4	1	1 	74	Undet	NNN	0	0	40.5	No	Ala	55.4
scaffold2288.trna5	1	1 	74	Undet	NNN	0	0	40.5	No	Ala	55.4
scaffold2288.trna6	1	1 	73	Ala	TGC	0	0	69.6	No	Ala	98.6
scaffold50.trna1  	1	1 	72	Pro	AGG	0	0	67.4	No	Pro	112.3
scaffold6476.trna1	1	1 	74	Val	CAC	0	0	79.3	No	Val	104.5
scaffold27.trna1  	1	1 	74	Ile	AAT	0	0	81.8	No	Ile	106.8
scaffold3065.trna1	1	1 	83	Leu	TAA	0	0	71.9	No	Leu	98.7
scaffold1.trna1   	1	1 	72	Met	CAT	0	0	58.3	No	iMet	118.7
scaffold6761.trna1	1	1 	72	Lys	TTT	0	0	91.9	No	Lys	98.4
scaffold3225.trna2	1	1 	80	Leu	TAG	0	0	69.5	No	Leu	111.5
scaffold4649.trna1	1	1 	78	Gly	GCC	0	0	35.0	No	Gly	43.9
scaffold1002.trna1	1	1 	73	Ala	AGC	0	0	63.4	No	Ala	98.3
scaffold4853.trna1	1	1 	82	Ser	TGA	0	0	80.7	No	Ser	119.7
scaffold3090.trna1	1	1 	72	Pro	TGG	0	0	68.5	No	Pro	111.2
scaffold7906.trna1	1	1 	73	Arg	ACG	0	0	72.0	No	Arg	93.9
scaffold1739.trna2	1	1 	72	Asp	GTC	0	0	69.8	No	Asp	95.8
scaffold1739.trna3	1	1 	72	Asp	GTC	0	0	67.9	No	Asp	94.4
scaffold1739.trna4	1	1 	72	Asp	GTC	0	0	67.9	No	Asp	94.4
scaffold1603.trna1	1	1 	72	Pro	CGG	0	0	60.9	No	Pro	102.5
scaffold10916.trna1	1	1 	71	Undet	NNN	0	0	21.2	Yes	Pro	26.0
scaffold10916.trna2	1	1 	66	Ala	AGC	0	0	20.0	Yes	Ala	43.7
scaffold8853.trna1	1	1 	73	Met	CAT	0	0	54.0	No	Thr	66.0
scaffold10416.trna1	1	1 	87	Met	CAT	39	51	64.2	No	Met	104.0
scaffold1995.trna1	1	3 	72	Val	AAC	0	0	22.9	Yes	Glu	28.2
scaffold8679.trna1	1	1 	72	Lys	TTT	0	0	91.9	No	Lys	98.4
scaffold8505.trna1	1	1 	86	Met	CAT	39	50	64.2	No	Met	104.0
scaffold878.trna1 	1	1 	72	Met	CAT	0	0	58.3	No	iMet	118.7
scaffold9110.trna1	1	1 	72	Gly	TCC	0	0	73.9	No	Gly	85.6
scaffold4789.trna1	1	1 	72	Pro	TGG	0	0	68.5	No	Pro	111.2
scaffold3595.trna1	1	1 	73	Ala	AGC	0	0	64.4	No	Ala	98.5
scaffold776.trna1 	1	4 	73	Undet	NNN	0	0	22.0	Yes	Glu	16.4
scaffold131.trna1 	1	1 	73	Arg	TCT	0	0	68.5	No	Arg	98.8
scaffold131.trna2 	1	1 	73	Phe	GAA	0	0	78.3	No	Phe	113.2
scaffold6688.trna1	1	4 	73	Undet	NNN	0	0	22.9	Yes	Glu	19.4
scaffold2688.trna1	1	1 	80	Leu	TAG	0	0	69.2	No	Leu	109.5
scaffold2688.trna2	1	1 	72	Cys	GCA	0	0	71.6	No	Cys	100.7
scaffold4050.trna1	1	1 	73	Ala	CGC	0	0	68.2	No	Ala	95.8
scaffold1323.trna1	1	1 	73	Arg	CCT	0	0	71.9	No	Arg	83.1
scaffold1323.trna2	1	1 	73	Arg	CCT	0	0	73.1	No	Thr	82.7
scaffold1323.trna3	1	1 	73	Arg	CCT	0	0	67.5	No	Arg	81.8
scaffold10869.trna1	1	1 	73	Lys	CTT	0	0	86.8	No	Lys	107.7
scaffold377.trna1 	1	1 	73	Ala	CGC	0	0	68.2	No	Ala	95.8
scaffold2319.trna1	1	1 	72	Thr	TGT	0	0	73.5	No	Thr	83.9
scaffold2319.trna2	1	1 	73	Phe	GAA	0	0	78.3	No	Phe	113.2
scaffold896.trna1 	1	3 	73	Val	AAC	0	0	28.5	Yes	Arg	29.8
scaffold4023.trna1	1	1 	73	Thr	TGT	0	0	25.2	Yes	Thr	40.0
scaffold4023.trna2	1	1 	72	Thr	TGT	0	0	84.5	No	Thr	95.0
scaffold3212.trna1	1	1 	83	Leu	TAA	0	0	71.9	No	Leu	98.7
scaffold825.trna1 	1	1 	82	Ser	GCT	38	43	40.9	No	Ser	66.7
scaffold6769.trna1	1	1 	71	Arg	TCT	0	0	22.6	Yes	Gly	18.3
scaffold1134.trna1	1	1 	81	Phe	AAA	0	0	45.3	Yes	Leu	73.5
scaffold8431.trna1	1	1 	72	His	GTG	0	0	54.1	No	His	76.5
scaffold4760.trna1	1	1 	86	Tyr	GTA	38	50	74.5	No	Tyr	111.8
scaffold4760.trna2	1	1 	86	Tyr	GTA	38	50	74.5	No	Tyr	111.8
scaffold11471.trna1	1	1 	75	Phe	AAA	0	0	41.0	No	Trp	43.4
scaffold7773.trna1	1	1 	74	Val	AAC	0	0	72.5	No	Val	100.2
scaffold365.trna1 	1	1 	73	Arg	CCT	0	0	74.8	No	Arg	84.6
scaffold5030.trna1	1	1 	84	Leu	CAA	0	0	78.6	No	Leu	123.0
scaffold5030.trna2	1	1 	84	Leu	CAA	0	0	78.6	No	Leu	123.0
scaffold2145.trna1	1	4 	73	Val	AAC	0	0	26.6	Yes	Glu	17.1
scaffold8436.trna1	1	1 	74	Ile	AAT	0	0	79.3	No	Ile	104.3
scaffold6799.trna1	1	1 	74	Ile	AAT	0	0	79.3	No	Ile	104.3
scaffold3328.trna1	1	1 	74	Val	CAC	0	0	79.3	No	Val	104.5
scaffold3645.trna1	1	1 	72	Met	CAT	0	0	58.3	No	iMet	118.7
scaffold3420.trna1	1	1 	82	Ser	GCT	0	0	79.0	No	Ser	108.6
scaffold3635.trna1	1	1 	72	His	GTG	0	0	63.0	No	His	87.1
scaffold3635.trna2	1	1 	72	His	GTG	0	0	63.0	No	His	87.1
scaffold9837.trna1	1	1 	72	Thr	TGT	0	0	79.3	No	Thr	92.3
scaffold6816.trna1	1	1 	82	Ser	TGA	0	0	80.7	No	Ser	119.7
scaffold6816.trna2	1	1 	72	Pro	CGG	0	0	68.2	No	Pro	113.0
scaffold11071.trna1	1	1 	73	Lys	CTT	0	0	86.8	No	Lys	107.7
scaffold363.trna1 	1	1 	70	Leu	CAA	0	0	23.4	Yes	Cys	30.1
scaffold1114.trna1	1	2 	71	Undet	NNN	0	0	24.0	Yes	Thr	22.8
scaffold2201.trna1	1	2 	73	Val	AAC	0	0	26.1	Yes	Thr	21.6
scaffold1040.trna3	1	1 	74	Thr	AGT	0	0	75.0	No	Thr	89.8
scaffold6558.trna1	1	1 	72	Pro	TGG	0	0	68.5	No	Pro	111.2
scaffold6558.trna2	1	1 	72	Pro	TGG	0	0	68.5	No	Pro	111.2
scaffold5658.trna1	1	1 	82	Ser	AGA	0	0	80.3	No	Ser	115.3
scaffold7314.trna1	1	1 	90	Met	CAT	39	54	64.1	No	Met	104.0
scaffold5716.trna1	1	1 	81	Leu	CAG	0	0	69.5	No	Leu	109.7
scaffold4319.trna1	1	1 	81	Leu	AAG	0	0	74.0	No	Leu	110.4
scaffold4404.trna1	1	1 	72	Thr	CGT	0	0	82.3	No	Thr	89.2
scaffold9368.trna1	1	3 	72	Undet	NNN	0	0	20.8	Yes	Glu	20.4
scaffold9368.trna2	1	3 	72	Undet	NNN	0	0	20.8	Yes	Glu	20.4
scaffold2690.trna1	1	2 	71	Ala	AGC	0	0	20.0	Yes	Ala	16.2
scaffold2690.trna2	1	2 	71	Ala	AGC	0	0	20.0	Yes	Ala	16.2
scaffold4372.trna1	1	1 	72	Gln	CTG	0	0	72.2	No	Gln	102.6
scaffold9947.trna1	1	1 	73	Ala	AGC	0	0	63.4	No	Ala	98.3
scaffold9172.trna1	1	1 	73	Ala	CGC	0	0	68.3	No	Ala	99.2
scaffold9172.trna2	1	1 	73	Thr	TGT	0	0	65.7	No	Thr	80.1
scaffold8324.trna1	1	1 	72	His	GTG	0	0	63.0	No	His	87.1
scaffold4966.trna1	1	1 	75	Undet	NNN	0	0	32.9	No	Ala	42.0
scaffold4966.trna2	1	1 	72	Pro	AGG	0	0	72.5	No	Pro	87.4
scaffold4966.trna3	1	1 	72	Pro	AGG	0	0	72.5	No	Pro	87.4
scaffold4966.trna4	1	1 	72	Pro	AGG	0	0	72.5	No	Pro	87.4
scaffold4966.trna5	1	1 	72	Pro	AGG	0	0	67.4	No	Pro	112.3
scaffold7189.trna1	1	1 	72	Trp	CCA	0	0	75.8	No	Trp	105.6
scaffold3178.trna1	1	1 	73	Arg	ACG	0	0	72.0	No	Arg	93.9
scaffold2338.trna1	1	1 	74	Ile	AAT	0	0	81.8	No	Ile	106.8
scaffold10538.trna1	1	1 	72	Asp	GTC	0	0	69.8	No	Asp	95.8
scaffold4537.trna1	1	1 	82	Ser	TGA	0	0	80.7	No	Ser	119.7
scaffold5466.trna1	1	1 	74	Ile	TAT	0	0	87.1	No	Ile	104.3
scaffold3360.trna1	1	1 	72	Asp	GTC	0	0	69.8	No	Asp	95.8
scaffold8991.trna1	1	1 	86	Tyr	GTA	38	50	74.5	No	Tyr	111.8
scaffold10264.trna1	1	1 	72	Thr	TGT	0	0	70.3	No	Thr	80.1
scaffold6407.trna1	1	1 	72	Gln	TTG	0	0	76.5	No	Gln	106.0
scaffold12259.trna1	1	1 	72	Thr	CGT	0	0	82.2	No	Thr	90.2
scaffold2378.trna1	1	1 	74	Val	AAC	0	0	63.0	No	Val	82.4
scaffold2378.trna2	1	1 	74	Val	AAC	0	0	63.0	No	Val	82.4
scaffold6440.trna1	1	1 	82	Ser	GCT	0	0	79.0	No	Ser	108.6
scaffold7116.trna1	1	1 	75	Sup	TTA	0	0	33.6	Yes	Trp	16.2
scaffold7412.trna1	1	1 	72	Thr	TGT	0	0	79.3	No	Thr	92.3
scaffold3501.trna1	1	1 	75	Ala	CGC	0	0	42.5	No	Ala	56.2
scaffold3501.trna2	1	1 	75	Undet	NNN	0	0	32.8	No	Ala	51.1
scaffold3501.trna3	1	1 	74	Undet	NNN	0	0	23.4	Yes	Ala	30.9
scaffold3501.trna4	1	1 	74	Undet	NNN	0	0	23.4	Yes	Ala	30.9
scaffold3501.trna5	1	1 	75	Ala	CGC	0	0	22.6	Yes	Ala	37.6
scaffold3501.trna6	1	1 	81	Ser	AGA	0	0	63.3	No	Ser	94.3
scaffold3501.trna7	1	1 	81	Ser	AGA	0	0	63.3	No	Ser	94.3
scaffold3553.trna1	1	1 	72	Lys	TTT	0	0	91.1	No	Lys	97.8
scaffold4273.trna1	1	1 	73	Lys	CTT	0	0	86.8	No	Lys	107.7
scaffold1548.trna1	1	1 	83	Leu	TAA	0	0	65.4	No	Leu	88.6
scaffold1396.trna1	1	1 	73	Ala	TGC	0	0	69.6	No	Ala	98.6
scaffold45.trna1  	1	1 	74	Val	AAC	0	0	72.5	No	Val	100.2
scaffold45.trna2  	1	1 	73	Phe	GAA	0	0	78.3	No	Phe	113.2
scaffold9544.trna1	1	1 	72	Gly	TCC	0	0	73.9	No	Gly	85.6
scaffold5485.trna1	1	1 	72	Cys	GCA	0	0	54.6	No	Gly	55.9
scaffold5485.trna2	1	1 	71	Cys	GCA	0	0	62.6	No	Gly	65.4
scaffold8240.trna1	1	1 	72	Asp	GTC	0	0	69.8	No	Asp	95.8
scaffold8240.trna2	1	1 	72	Asp	GTC	0	0	69.8	No	Asp	95.8
scaffold12271.trna1	1	1 	82	Ser	AGA	0	0	72.4	No	Ser	106.9
scaffold573.trna1 	1	1 	73	Arg	TCT	0	0	70.0	No	Arg	100.1
scaffold5858.trna1	1	1 	73	Ala	TGC	0	0	70.0	No	Ala	100.6
scaffold5777.trna1	1	4 	73	Ala	AGC	0	0	25.4	Yes	Glu	31.4
scaffold11078.trna1	1	1 	74	Val	AAC	0	0	73.2	No	Val	95.8
scaffold1941.trna1	1	1 	72	Arg	TCT	0	0	20.3	Yes	Trp	13.8
scaffold3113.trna1	1	1 	72	Cys	GCA	0	0	81.7	No	Cys	104.3
scaffold3048.trna1	1	1 	75	Undet	NNN	0	0	31.6	No	Ala	43.6
scaffold9213.trna1	1	2 	71	Ala	AGC	0	0	23.8	Yes	Ala	21.1
scaffold11585.trna1	1	1 	72	Trp	CCA	0	0	75.8	No	Trp	105.6
scaffold5911.trna1	1	1 	72	Pro	CGG	0	0	68.2	No	Pro	113.0
scaffold5911.trna2	1	1 	72	Pro	CGG	0	0	54.9	No	Pro	98.7
scaffold550.trna1 	1	1 	74	Arg	TCG	0	0	81.9	No	Arg	92.9
scaffold5855.trna1	1	1 	73	Ala	AGC	0	0	63.4	No	Ala	98.3
scaffold5855.trna2	1	4 	73	Undet	NNN	0	0	22.2	Yes	Thr	18.8
scaffold6117.trna1	1	1 	203	Leu	AAG	40	168	46.3	No	Leu	72.0
scaffold250.trna1 	1	1 	72	Cys	GCA	0	0	78.4	No	Cys	102.6
scaffold11258.trna1	1	1 	75	Leu	CAA	0	0	28.2	Yes	Thr	26.8
scaffold8242.trna1	1	1 	75	Ala	CGC	0	0	42.5	No	Ala	56.2
scaffold1414.trna1	1	1 	74	Asn	GTT	0	0	80.5	No	Asn	90.8
scaffold6654.trna1	1	1 	81	Leu	AAG	0	0	74.3	No	Leu	109.7
scaffold1268.trna1	1	1 	72	Gln	CTG	0	0	72.6	No	Gln	100.8
scaffold662.trna1 	1	1 	73	Glu	CTC	0	0	77.5	No	Glu	97.9
scaffold3867.trna1	1	1 	72	Thr	CGT	0	0	80.5	No	Thr	87.3
scaffold8970.trna1	1	1 	73	Asp	ATC	0	0	26.0	Yes	Glu	35.7
scaffold1891.trna1	1	1 	72	Asp	GTC	0	0	69.8	No	Asp	95.8
scaffold1781.trna1	1	1 	73	Sup	CTA	0	0	34.1	Yes	Glu	30.4
scaffold7079.trna1	1	1 	74	Val	AAC	0	0	72.5	No	Val	100.2
scaffold6027.trna1	1	4 	72	Val	AAC	0	0	30.9	Yes	Glu	31.3
scaffold6665.trna1	1	1 	73	Ala	TGC	0	0	70.0	No	Ala	100.6
scaffold16564.trna1	1	12	67	Phe	GAA	0	0	45.0	No	Phe	76.0
scaffold2612.trna1	1	1 	72	His	GTG	0	0	63.0	No	His	87.1
scaffold121.trna1 	1	2 	71	Ala	AGC	0	0	21.8	Yes	Glu	29.8
scaffold4699.trna1	1	2 	71	Undet	NNN	0	0	25.2	Yes	Arg	29.6
scaffold8893.trna1	1	1 	74	Asn	GTT	0	0	81.1	No	Asn	91.8
scaffold5411.trna1	1	1 	73	Arg	ACG	0	0	72.0	No	Arg	93.9
scaffold5411.trna2	1	1 	73	Arg	ACG	0	0	72.0	No	Arg	93.9
scaffold7455.trna1	1	1 	74	Asn	GTT	0	0	77.6	No	Asn	91.0
scaffold26.trna1  	1	1 	74	Val	CAC	0	0	79.3	No	Val	104.5
scaffold6015.trna1	1	1 	73	Trp	CCA	0	0	47.5	No	Trp	62.9
scaffold4079.trna1	1	1 	73	Ala	AGC	0	0	63.4	No	Ala	98.3
scaffold6770.trna1	1	1 	75	Ala	CGC	0	0	42.5	No	Ala	56.2
scaffold5762.trna1	1	4 	73	Val	AAC	0	0	27.4	Yes	Glu	21.8
scaffold6227.trna1	1	1 	71	Gly	GCC	0	0	66.5	No	Gly	94.4
scaffold3448.trna1	1	1 	88	Ser	TGA	0	0	32.8	No	Ser	32.7
scaffold9289.trna1	1	1 	74	Thr	AGT	0	0	60.1	No	Thr	76.0
scaffold9289.trna2	1	1 	73	Arg	CCT	0	0	28.4	Yes	Arg	38.0
scaffold7198.trna1	1	1 	74	Leu	CAG	0	0	38.1	No	Leu	60.3
scaffold4454.trna1	1	1 	72	Pro	TGG	0	0	69.6	No	Pro	108.3
scaffold3905.trna1	1	1 	74	Arg	TCG	0	0	81.9	No	Arg	92.9
scaffold9774.trna1	1	1 	81	Leu	AAG	0	0	74.0	No	Leu	110.4
scaffold7624.trna1	1	1 	82	Ser	TGA	0	0	56.1	No	Ser	87.7
scaffold852.trna1 	1	1 	70	Met	CAT	0	0	21.3	Yes	Cys	30.8
scaffold13570.trna1	1	1 	73	Lys	CTT	0	0	47.6	Yes	Lys	65.9
scaffold11455.trna1	1	1 	73	Ala	AGC	0	0	63.4	No	Ala	98.3
scaffold11455.trna2	1	1 	73	Ala	AGC	0	0	63.4	No	Ala	98.3
scaffold8977.trna1	1	1 	72	Gln	TTG	0	0	76.2	No	Gln	105.4
scaffold12239.trna1	1	1 	74	Asn	GTT	0	0	81.1	No	Asn	91.8
scaffold859.trna1 	1	7 	69	Asn	GTT	0	0	26.9	Yes	Cys	26.3
scaffold1547.trna1	1	1 	74	His	ATG	0	0	39.0	No	Ala	53.2
scaffold1547.trna2	1	1 	74	Undet	NNN	0	0	31.2	No	Ala	43.5
scaffold13016.trna1	1	1 	72	Asp	GTC	0	0	69.8	No	Asp	95.8
scaffold19120.trna1	1	4 	73	Val	AAC	0	0	23.2	Yes	Glu	27.0
scaffold16122.trna1	1	1 	72	His	GTG	0	0	63.0	No	His	87.1
scaffold16122.trna2	1	4 	73	Val	AAC	0	0	20.0	Yes	Thr	22.4
scaffold4325.trna1	1	1 	72	Trp	CCA	0	0	75.8	No	Trp	105.6
scaffold4325.trna2	1	1 	72	Trp	CCA	0	0	75.8	No	Trp	105.6
scaffold4497.trna1	1	1 	73	Ala	AGC	0	0	63.4	No	Ala	98.3
scaffold4801.trna1	1	1 	82	Ser	TGA	0	0	76.8	No	Ser	115.3
scaffold2630.trna1	1	1 	74	Thr	AGT	0	0	75.0	No	Thr	89.8
scaffold4361.trna1	1	4 	73	Undet	NNN	0	0	23.1	Yes	Glu	22.2
scaffold4019.trna1	1	1 	73	Ala	AGC	0	0	63.4	No	Ala	98.3
scaffold4019.trna2	1	1 	73	Ala	AGC	0	0	54.1	No	Ala	86.2
scaffold1799.trna1	1	1 	74	Met	CAT	0	0	54.2	No	His	48.5
scaffold1848.trna1	1	1 	74	Ile	AAT	0	0	79.3	No	Ile	104.3
scaffold775.trna1 	1	1 	74	Asn	GTT	0	0	84.5	No	Asn	95.9
scaffold4880.trna1	1	1 	74	Glu	TTC	0	0	64.3	No	Glu	90.4
scaffold6267.trna1	1	1 	72	Gln	CTG	0	0	72.6	No	Gln	100.8
scaffold10437.trna1	1	1 	72	Asp	GTC	0	0	69.8	No	Asp	95.8
scaffold5391.trna1	1	1 	74	Ile	AAT	0	0	81.8	No	Ile	106.8
scaffold5391.trna2	1	1 	74	Ile	AAT	0	0	76.3	No	Ile	98.5
scaffold6656.trna1	1	1 	73	Lys	CTT	0	0	86.8	No	Lys	107.7
scaffold15919.trna1	1	12	68	Glu	TTC	0	0	32.4	Yes	Glu	50.5
scaffold3752.trna1	1	3 	73	Val	AAC	0	0	25.7	Yes	Glu	31.5
scaffold4161.trna1	1	1 	72	Thr	TGT	0	0	79.3	No	Thr	92.3
scaffold4161.trna2	1	1 	72	Thr	TGT	0	0	79.3	No	Thr	92.3
scaffold5201.trna1	1	1 	74	Val	AAC	0	0	72.5	No	Val	100.2
scaffold3218.trna1	1	1 	82	Ser	GCT	0	0	79.0	No	Ser	108.6
scaffold14729.trna1	1	1 	86	Tyr	GTA	38	50	67.1	No	Tyr	104.6
scaffold6179.trna1	1	1 	82	Ser	AGA	0	0	79.6	No	Ser	114.9
scaffold18483.trna1	1	1 	74	Glu	TTC	0	0	64.3	No	Glu	90.4
scaffold4781.trna1	1	1 	73	Ala	TGC	0	0	55.5	No	Ala	77.8
scaffold2946.trna1	1	1 	76	Arg	CCT	0	0	28.9	Yes	Thr	27.4
scaffold1534.trna1	1	1 	73	Arg	ACG	0	0	72.0	No	Arg	93.9
scaffold15347.trna1	1	1 	74	Asn	GTT	0	0	81.1	No	Asn	91.8
scaffold17432.trna1	1	1 	86	Tyr	GTA	38	50	74.5	No	Tyr	111.8
scaffold3936.trna1	1	1 	74	Thr	AGT	0	0	75.0	No	Thr	89.8
scaffold3233.trna1	1	1 	70	Lys	CTT	0	0	38.4	Yes	Lys	59.2
scaffold4907.trna1	1	1 	73	Lys	CTT	0	0	86.8	No	Lys	107.7
scaffold8127.trna1	1	1 	74	Val	AAC	0	0	72.9	No	Val	93.8
scaffold2457.trna1	1	1 	74	Val	CAC	0	0	79.3	No	Val	104.5
scaffold2457.trna2	1	1 	74	Val	CAC	0	0	79.3	No	Val	104.5
scaffold2457.trna3	1	1 	74	Val	CAC	0	0	79.3	No	Val	104.5
scaffold10847.trna1	1	4 	73	Arg	CCT	0	0	52.0	No	Glu	51.9
scaffold9994.trna1	1	1 	73	Ala	AGC	0	0	63.4	No	Ala	98.3
scaffold4335.trna1	1	1 	71	Gly	GCC	0	0	66.5	No	Gly	94.4
scaffold10387.trna1	1	2 	71	Ser	CGA	0	0	24.0	Yes	Glu	19.3
scaffold13660.trna1	1	1 	86	Tyr	GTA	38	50	74.5	No	Tyr	111.8
scaffold16786.trna1	1	4 	73	Val	AAC	0	0	24.2	Yes	Glu	23.9
scaffold16786.trna2	1	4 	73	Val	AAC	0	0	24.2	Yes	Glu	23.9
scaffold7927.trna1	1	1 	72	Pro	CGG	0	0	68.2	No	Pro	113.0
scaffold4774.trna1	1	1 	74	Thr	AGT	0	0	61.7	No	Thr	79.4
scaffold12793.trna1	1	1 	73	Ala	CGC	0	0	68.2	No	Ala	95.8
scaffold6406.trna1	1	1 	72	Trp	CCA	0	0	75.8	No	Trp	105.6
scaffold9037.trna1	1	1 	71	Gly	GCC	0	0	66.5	No	Gly	94.4
scaffold8365.trna1	1	1 	72	Arg	CCT	0	0	20.6	Yes	Ala	11.5
scaffold1427.trna1	1	1 	74	Ile	AAT	0	0	81.8	No	Ile	106.8
scaffold1427.trna2	1	1 	74	Ile	AAT	0	0	81.8	No	Ile	106.8
scaffold11196.trna1	1	1 	74	Val	AAC	0	0	72.9	No	Val	93.8
scaffold13456.trna1	1	1 	72	Lys	TTT	0	0	91.1	No	Lys	97.8
scaffold1237.trna1	1	1 	74	Val	AAC	0	0	58.3	No	Val	75.6
scaffold831.trna2 	1	1 	72	Lys	TTT	0	0	91.9	No	Lys	98.4
scaffold9343.trna1	1	1 	72	Trp	CCA	0	0	75.8	No	Trp	105.6
scaffold6833.trna1	1	1 	73	Arg	CCG	0	0	66.0	No	Arg	94.3
scaffold9626.trna1	1	7 	69	Met	CAT	0	0	37.3	No	iMet	78.9
scaffold9626.trna2	1	1 	72	Met	CAT	0	0	58.3	No	iMet	118.7
scaffold9255.trna1	1	1 	73	Phe	GAA	0	0	78.3	No	Phe	113.2
scaffold9255.trna2	1	1 	73	Lys	CTT	0	0	86.8	No	Lys	107.7
scaffold9255.trna3	1	1 	73	Lys	CTT	0	0	86.8	No	Lys	107.7
scaffold7269.trna1	1	1 	74	Ile	AAT	0	0	81.8	No	Ile	106.8
scaffold7016.trna1	1	1 	70	Ser	CGA	0	0	22.6	Yes	His	14.1
scaffold9528.trna1	1	1 	82	Ser	CGA	0	0	78.9	No	Ser	122.0
scaffold12362.trna1	1	1 	74	Ile	TAT	0	0	59.5	No	Ile	74.7
scaffold16240.trna1	1	1 	72	Ala	AGC	0	0	51.3	No	Ala	82.2
scaffold7317.trna1	1	1 	74	Val	TAC	0	0	50.0	Yes	Ile	69.4
scaffold11815.trna1	1	4 	73	Val	AAC	0	0	31.4	Yes	Glu	27.4
scaffold3043.trna1	1	1 	73	Val	AAC	0	0	33.9	Yes	Thr	37.9
scaffold1974.trna1	1	1 	72	Pro	TGG	0	0	69.6	No	Pro	108.3
scaffold12652.trna1	1	1 	72	Met	CAT	0	0	58.3	No	iMet	118.7
scaffold7573.trna1	1	1 	73	Ala	AGC	0	0	63.4	No	Ala	98.3
scaffold3545.trna1	1	1 	72	Met	CAT	0	0	58.3	No	iMet	118.7
scaffold2693.trna1	1	1 	75	Undet	NNN	0	0	30.4	No	Ala	47.7
scaffold14194.trna1	1	1 	73	Ala	CGC	0	0	68.3	No	Ala	99.2
scaffold8056.trna1	1	1 	72	Gly	TCC	0	0	74.1	No	Gly	84.2
scaffold6262.trna1	1	1 	72	Asn	GTT	0	0	54.2	No	Asn	45.6
scaffold1982.trna1	1	2 	71	Val	AAC	0	0	30.3	Yes	Arg	24.6
scaffold8141.trna1	1	1 	82	Ser	TGA	0	0	80.7	No	Ser	119.7
scaffold11184.trna1	1	1 	73	Ala	CGC	0	0	68.2	No	Ala	95.8
scaffold891.trna1 	1	1 	71	Glu	TTC	0	0	56.6	No	Glu	90.3
scaffold8998.trna1	1	1 	73	Arg	ACG	0	0	54.9	No	Arg	67.0
scaffold6365.trna1	1	1 	72	Ser	CGA	0	0	22.8	Yes	Thr	22.4
scaffold8467.trna1	1	3 	72	Undet	NNN	0	0	23.3	Yes	Glu	22.7
scaffold7371.trna1	1	1 	72	Gln	CTG	0	0	72.6	No	Gln	100.8
scaffold15894.trna1	1	1 	78	Met	CAT	0	0	49.4	No	Thr	40.4
scaffold1392.trna1	1	1 	75	Undet	NNN	0	0	33.4	No	Ala	42.4
scaffold2114.trna1	1	1 	74	Val	CAC	0	0	79.3	No	Val	104.5
scaffold9971.trna1	1	1 	73	Arg	ACG	0	0	72.0	No	Arg	93.9
scaffold6858.trna1	1	1 	73	Val	TAC	0	0	74.5	No	Val	103.5
scaffold197.trna1 	1	1 	72	Cys	GCA	0	0	78.4	No	Cys	102.6
scaffold197.trna2 	1	1 	79	Leu	TAG	0	0	58.1	No	Leu	89.9
scaffold5174.trna1	1	1 	74	Val	CAC	0	0	79.3	No	Val	104.5
scaffold13703.trna1	1	1 	73	Glu	CTC	0	0	74.4	No	Glu	96.7
scaffold15287.trna1	1	1 	74	Val	CAC	0	0	79.3	No	Val	104.5
scaffold18243.trna1	1	1 	81	Leu	AAG	0	0	74.0	No	Leu	110.4
scaffold11365.trna1	1	1 	73	Glu	CTC	0	0	65.8	No	Glu	85.6
scaffold14375.trna1	1	1 	72	Asp	GTC	0	0	57.8	No	Asp	80.3
scaffold19623.trna1	1	1 	86	Tyr	GTA	38	50	74.5	No	Tyr	111.8
scaffold8933.trna1	1	1 	74	Ile	AAT	0	0	79.6	No	Ile	105.8
scaffold13303.trna1	1	1 	81	Leu	AAG	0	0	74.0	No	Leu	110.4
scaffold18777.trna1	1	1 	71	Cys	GCA	0	0	52.2	No	Gly	56.0
scaffold1647.trna1	1	1 	80	Leu	AAG	0	0	71.5	No	Leu	111.1
scaffold19144.trna1	1	1 	76	Arg	CCT	0	0	28.9	Yes	Thr	27.4
scaffold19144.trna2	1	1 	71	Gly	GCC	0	0	66.5	No	Gly	94.4
scaffold11672.trna1	1	1 	73	Glu	CTC	0	0	77.5	No	Glu	97.9
scaffold9781.trna1	1	4 	73	Undet	NNN	0	0	27.4	Yes	Glu	26.6
scaffold8763.trna1	1	1 	82	Ser	TGA	0	0	80.7	No	Ser	119.7
scaffold13581.trna1	1	1 	74	Ile	AAT	0	0	81.8	No	Ile	106.8
scaffold19412.trna1	1	1 	73	Ala	AGC	0	0	54.6	No	Ala	89.1
scaffold10507.trna1	1	1 	89	Tyr	GTA	38	50	36.5	Yes	Tyr	56.6
scaffold18038.trna1	1	1 	72	Cys	GCA	0	0	81.7	No	Cys	104.3
scaffold21463.trna1	1	1 	75	Leu	CAA	0	0	28.2	Yes	Thr	26.8
scaffold19514.trna1	1	1 	71	Gly	CCC	0	0	58.5	No	Gly	78.8
scaffold2322.trna1	1	1 	72	Pro	CGG	0	0	68.2	No	Pro	113.0
scaffold19357.trna1	1	1 	72	Pro	TGG	0	0	58.3	No	Pro	102.5
scaffold19357.trna2	1	1 	72	Pro	AGG	0	0	58.0	No	Pro	99.1
scaffold21007.trna1	1	1 	74	Met	CAT	0	0	65.1	No	Met	76.9
scaffold21007.trna2	1	1 	73	Asp	GTC	0	0	70.1	No	Arg	79.7
scaffold18745.trna1	1	2 	71	Undet	NNN	0	0	24.1	Yes	Thr	18.0
C8337563.trna1    	1	1 	77	Leu	CAA	0	0	34.1	No	Leu	75.4
scaffold14858.trna1	1	1 	80	Leu	TAG	0	0	52.3	No	Arg	49.9
scaffold14858.trna2	1	1 	85	Ser	TGA	0	0	54.7	No	Gln	37.7
scaffold14858.trna3	1	1 	75	Cys	GCA	0	0	53.5	No	Ser	54.9
scaffold14858.trna4	1	1 	72	Gly	TCC	0	0	61.0	No	Gln	64.3
scaffold14858.trna5	1	1 	70	Undet	NNN	0	0	38.9	No	Ala	38.6
